Using pre-set license
Built from '2021.3/release' branch; Version is '2021.3.17f1 (3e8111cac19d) revision 4096273'; Using compiler version '192829333'; Build Type 'Release'
OS: 'Windows 11  (10.0.22621) 64bit Professional' Language: 'en' Physical Memory: 32509 MB
BatchMode: 1, IsHumanControllingUs: 0, StartBugReporterOnCrash: 0, Is64bit: 1, IsPro: 1

COMMAND LINE ARGUMENTS:
C:\Program Files\Unity\Hub\Editor\2021.3.17f1\Editor\Unity.exe
-adb2
-batchMode
-noUpm
-name
AssetImportWorker16
-projectPath
C:/Users/Zhenjie Liu/Desktop/Vampire-Hunter
-logFile
Logs/AssetImportWorker16.log
-srvPort
63530
Successfully changed project path to: C:/Users/Zhenjie Liu/Desktop/Vampire-Hunter
C:/Users/Zhenjie Liu/Desktop/Vampire-Hunter
[UnityMemory] Configuration Parameters - Can be set up in boot.config
    "memorysetup-bucket-allocator-granularity=16"
    "memorysetup-bucket-allocator-bucket-count=8"
    "memorysetup-bucket-allocator-block-size=33554432"
    "memorysetup-bucket-allocator-block-count=8"
    "memorysetup-main-allocator-block-size=16777216"
    "memorysetup-thread-allocator-block-size=16777216"
    "memorysetup-gfx-main-allocator-block-size=16777216"
    "memorysetup-gfx-thread-allocator-block-size=16777216"
    "memorysetup-cache-allocator-block-size=4194304"
    "memorysetup-typetree-allocator-block-size=2097152"
    "memorysetup-profiler-bucket-allocator-granularity=16"
    "memorysetup-profiler-bucket-allocator-bucket-count=8"
    "memorysetup-profiler-bucket-allocator-block-size=33554432"
    "memorysetup-profiler-bucket-allocator-block-count=8"
    "memorysetup-profiler-allocator-block-size=16777216"
    "memorysetup-profiler-editor-allocator-block-size=1048576"
    "memorysetup-temp-allocator-size-main=16777216"
    "memorysetup-job-temp-allocator-block-size=2097152"
    "memorysetup-job-temp-allocator-block-size-background=1048576"
    "memorysetup-job-temp-allocator-reduction-small-platforms=262144"
    "memorysetup-temp-allocator-size-background-worker=32768"
    "memorysetup-temp-allocator-size-job-worker=262144"
    "memorysetup-temp-allocator-size-preload-manager=33554432"
    "memorysetup-temp-allocator-size-nav-mesh-worker=65536"
    "memorysetup-temp-allocator-size-audio-worker=65536"
    "memorysetup-temp-allocator-size-cloud-worker=32768"
    "memorysetup-temp-allocator-size-gi-baking-worker=262144"
    "memorysetup-temp-allocator-size-gfx=262144"
Player connection [19820] Host "[IP] 192.168.50.248 [Port] 0 [Flags] 2 [Guid] 1451391119 [EditorId] 1451391119 [Version] 1048832 [Id] WindowsEditor(7,DESKTOP-LHPPLTO) [Debug] 1 [PackageName] WindowsEditor [ProjectName] Editor" joined multi-casting on [225.0.0.222:54997]...

Player connection [19820] Host "[IP] 192.168.50.248 [Port] 0 [Flags] 2 [Guid] 1451391119 [EditorId] 1451391119 [Version] 1048832 [Id] WindowsEditor(7,DESKTOP-LHPPLTO) [Debug] 1 [PackageName] WindowsEditor [ProjectName] Editor" joined alternative multi-casting on [225.0.0.222:34997]...

Refreshing native plugins compatible for Editor in 54.30 ms, found 4 plugins.
Preloading 0 native plugins for Editor in 0.00 ms.
Initialize engine version: 2021.3.17f1 (3e8111cac19d)
[Subsystems] Discovering subsystems at path C:/Program Files/Unity/Hub/Editor/2021.3.17f1/Editor/Data/Resources/UnitySubsystems
[Subsystems] Discovering subsystems at path C:/Users/Zhenjie Liu/Desktop/Vampire-Hunter/Assets
GfxDevice: creating device client; threaded=0; jobified=0
Direct3D:
    Version:  Direct3D 11.0 [level 11.1]
    Renderer: NVIDIA GeForce RTX 3060 (ID=0x2544)
    Vendor:   NVIDIA
    VRAM:     8049 MB
    Driver:   31.0.15.2849
Initialize mono
Mono path[0] = 'C:/Program Files/Unity/Hub/Editor/2021.3.17f1/Editor/Data/Managed'
Mono path[1] = 'C:/Program Files/Unity/Hub/Editor/2021.3.17f1/Editor/Data/MonoBleedingEdge/lib/mono/unityjit-win32'
Mono config path = 'C:/Program Files/Unity/Hub/Editor/2021.3.17f1/Editor/Data/MonoBleedingEdge/etc'
Using monoOptions --debugger-agent=transport=dt_socket,embedding=1,server=y,suspend=n,address=127.0.0.1:56208
Begin MonoManager ReloadAssembly
Registering precompiled unity dll's ...
Register platform support module: C:/Program Files/Unity/Hub/Editor/2021.3.17f1/Editor/Data/PlaybackEngines/AndroidPlayer/UnityEditor.Android.Extensions.dll
Register platform support module: C:/Program Files/Unity/Hub/Editor/2021.3.17f1/Editor/Data/PlaybackEngines/WindowsStandaloneSupport/UnityEditor.WindowsStandalone.Extensions.dll
Registered in 0.002555 seconds.
Native extension for WindowsStandalone target not found
Native extension for Android target not found
Android Extension - Scanning For ADB Devices 168 ms
Refreshing native plugins compatible for Editor in 49.50 ms, found 4 plugins.
Preloading 0 native plugins for Editor in 0.00 ms.
Mono: successfully reloaded assembly
- Completed reload, in  0.521 seconds
Domain Reload Profiling:
	ReloadAssembly (522ms)
		BeginReloadAssembly (36ms)
			ExecutionOrderSort (0ms)
			DisableScriptedObjects (0ms)
			BackupInstance (0ms)
			ReleaseScriptingObjects (0ms)
			CreateAndSetChildDomain (0ms)
		EndReloadAssembly (426ms)
			LoadAssemblies (35ms)
			RebuildTransferFunctionScriptingTraits (0ms)
			SetupTypeCache (58ms)
			ReleaseScriptCaches (0ms)
			RebuildScriptCaches (15ms)
			SetupLoadedEditorAssemblies (327ms)
				LogAssemblyErrors (0ms)
				InitializePlatformSupportModulesInManaged (212ms)
				SetLoadedEditorAssemblies (0ms)
				RefreshPlugins (50ms)
				BeforeProcessingInitializeOnLoad (1ms)
				ProcessInitializeOnLoadAttributes (43ms)
				ProcessInitializeOnLoadMethodAttributes (21ms)
				AfterProcessingInitializeOnLoad (0ms)
				EditorAssembliesLoaded (0ms)
			ExecutionOrderSort2 (0ms)
			AwakeInstancesAfterBackupRestoration (0ms)
Platform modules already initialized, skipping
Registering precompiled user dll's ...
Registered in 0.003987 seconds.
Begin MonoManager ReloadAssembly
Symbol file LoadedFromMemory doesn't match image C:\Users\Zhenjie Liu\Desktop\Vampire-Hunter\Library\PackageCache\com.unity.visualscripting@1.8.0\Editor\VisualScripting.Core\Dependencies\YamlDotNet\Unity.VisualScripting.YamlDotNet.dll
Symbol file LoadedFromMemory doesn't match image C:\Users\Zhenjie Liu\Desktop\Vampire-Hunter\Library\PackageCache\com.unity.visualscripting@1.8.0\Editor\VisualScripting.Core\Dependencies\DotNetZip\Unity.VisualScripting.IonicZip.dll
Native extension for WindowsStandalone target not found
Native extension for Android target not found
Refreshing native plugins compatible for Editor in 48.61 ms, found 4 plugins.
Preloading 0 native plugins for Editor in 0.00 ms.
Mono: successfully reloaded assembly
- Completed reload, in  0.611 seconds
Domain Reload Profiling:
	ReloadAssembly (611ms)
		BeginReloadAssembly (56ms)
			ExecutionOrderSort (0ms)
			DisableScriptedObjects (3ms)
			BackupInstance (0ms)
			ReleaseScriptingObjects (0ms)
			CreateAndSetChildDomain (11ms)
		EndReloadAssembly (497ms)
			LoadAssemblies (44ms)
			RebuildTransferFunctionScriptingTraits (0ms)
			SetupTypeCache (130ms)
			ReleaseScriptCaches (0ms)
			RebuildScriptCaches (32ms)
			SetupLoadedEditorAssemblies (258ms)
				LogAssemblyErrors (0ms)
				InitializePlatformSupportModulesInManaged (8ms)
				SetLoadedEditorAssemblies (0ms)
				RefreshPlugins (49ms)
				BeforeProcessingInitializeOnLoad (47ms)
				ProcessInitializeOnLoadAttributes (128ms)
				ProcessInitializeOnLoadMethodAttributes (23ms)
				AfterProcessingInitializeOnLoad (3ms)
				EditorAssembliesLoaded (0ms)
			ExecutionOrderSort2 (0ms)
			AwakeInstancesAfterBackupRestoration (3ms)
Platform modules already initialized, skipping
========================================================================
Worker process is ready to serve import requests
Launched and connected shader compiler UnityShaderCompiler.exe after 0.02 seconds
Refreshing native plugins compatible for Editor in 0.53 ms, found 4 plugins.
Preloading 0 native plugins for Editor in 0.00 ms.
Unloading 4303 Unused Serialized files (Serialized files now loaded: 0)
Unloading 51 unused Assets / (129.3 KB). Loaded Objects now: 4766.
Memory consumption went from 161.8 MB to 161.7 MB.
Total: 1.889900 ms (FindLiveObjects: 0.177000 ms CreateObjectMapping: 0.056400 ms MarkObjects: 1.601500 ms  DeleteObjects: 0.054700 ms)

AssetImportParameters requested are different than current active one (requested -> active):
  custom:video-decoder-ogg-theora: a1e56fd34408186e4bbccfd4996cb3dc -> 
  custom:container-muxer-webm: aa71ff27fc2769a1b78a27578f13a17b -> 
  custom:container-demuxer-webm: 4f35f7cbe854078d1ac9338744f61a02 -> 
  custom:video-encoder-webm-vp8: eb34c28f22e8b96e1ab97ce403110664 -> 
  custom:audio-encoder-webm-vorbis: bf7c407c2cedff20999df2af8eb42d56 -> 
  custom:framework-win-MediaFoundation: 216162199b28c13a410421893ffa2e32 -> 
  custom:container-demuxer-ogg: 62fdf1f143b41e24485cea50d1cbac27 -> 
  custom:video-decoder-webm-vp8: 9c59270c3fd7afecdb556c50c9e8de78 -> 
  custom:audio-decoder-ogg-vorbis: bf7c407c2cedff20999df2af8eb42d56 -> 
========================================================================
Received Import Request.
  Time since last request: 441243.327364 seconds.
  path: Assets/OArielG/2DSimpleUIPack/Sprites/ui-large-buttons-vertical.png
  artifactKey: Guid(26c248721685da44ca34ad60faea50ba) Importer(815301076,1909f56bfc062723c751e8b465ee728b)
Start importing Assets/OArielG/2DSimpleUIPack/Sprites/ui-large-buttons-vertical.png using Guid(26c248721685da44ca34ad60faea50ba) Importer(815301076,1909f56bfc062723c751e8b465ee728b)  -> (artifact id: '5e70cdd01440b99ef2a6107b27a6aea5') in 0.064334 seconds 
========================================================================
Received Import Request.
  Time since last request: 0.000019 seconds.
  path: Assets/OArielG/2DSimpleUIPack/Sprites/ui-panels.png
  artifactKey: Guid(84873522082196348b931e3f46de09e9) Importer(815301076,1909f56bfc062723c751e8b465ee728b)
Start importing Assets/OArielG/2DSimpleUIPack/Sprites/ui-panels.png using Guid(84873522082196348b931e3f46de09e9) Importer(815301076,1909f56bfc062723c751e8b465ee728b)  -> (artifact id: 'cd3c4f45406643301627700050877e1c') in 0.006659 seconds 
========================================================================
Received Import Request.
  Time since last request: 18.136135 seconds.
  path: Assets/OArielG/2DSimpleUIPack/Examples/Graphics/ui-panels.png
  artifactKey: Guid(c902e08bd83e04947b6e8d7f31f385be) Importer(815301076,1909f56bfc062723c751e8b465ee728b)
Start importing Assets/OArielG/2DSimpleUIPack/Examples/Graphics/ui-panels.png using Guid(c902e08bd83e04947b6e8d7f31f385be) Importer(815301076,1909f56bfc062723c751e8b465ee728b)  -> (artifact id: '6b160f93ddcfa7a776d47a1f32c025b7') in 0.027651 seconds 
========================================================================
Received Import Request.
  Time since last request: 0.000080 seconds.
  path: Assets/OArielG/2DSimpleUIPack/Examples/Graphics/ui-small-buttons.png
  artifactKey: Guid(236587ec711348a4792e0060efb1bf73) Importer(815301076,1909f56bfc062723c751e8b465ee728b)
Start importing Assets/OArielG/2DSimpleUIPack/Examples/Graphics/ui-small-buttons.png using Guid(236587ec711348a4792e0060efb1bf73) Importer(815301076,1909f56bfc062723c751e8b465ee728b)  -> (artifact id: 'b990d3dd7e99ac510d5bf69b0b6344dd') in 0.211201 seconds 
========================================================================
Received Import Request.
  Time since last request: 18.860157 seconds.
  path: Assets/OArielG/2DSimpleUIPack/Examples/Prefabs/HorizontalButtons/BlackPlayButton.prefab
  artifactKey: Guid(1c0423ae6e6c0cd4ea2b74d5ac0ca11f) Importer(815301076,1909f56bfc062723c751e8b465ee728b)
Start importing Assets/OArielG/2DSimpleUIPack/Examples/Prefabs/HorizontalButtons/BlackPlayButton.prefab using Guid(1c0423ae6e6c0cd4ea2b74d5ac0ca11f) Importer(815301076,1909f56bfc062723c751e8b465ee728b)  -> (artifact id: '95d1ff4cefd4f5e9ece54f93f74e7d8d') in 0.012530 seconds 
========================================================================
Received Import Request.
  Time since last request: 1.266352 seconds.
  path: Assets/OArielG/2DSimpleUIPack/Examples/Prefabs/SmallButtons/RightBlackButton.prefab
  artifactKey: Guid(d20ea113b1db3fc40892e3e6419edb97) Importer(815301076,1909f56bfc062723c751e8b465ee728b)
Start importing Assets/OArielG/2DSimpleUIPack/Examples/Prefabs/SmallButtons/RightBlackButton.prefab using Guid(d20ea113b1db3fc40892e3e6419edb97) Importer(815301076,1909f56bfc062723c751e8b465ee728b)  -> (artifact id: '27901fc85e07ea643f279363858a827b') in 0.006212 seconds 
========================================================================
Received Import Request.
  Time since last request: 0.000016 seconds.
  path: Assets/OArielG/2DSimpleUIPack/Examples/Prefabs/SmallButtons/SmallBlackPlayButton.prefab
  artifactKey: Guid(5e2ddb081cddd2643b6d8a24ebd068ae) Importer(815301076,1909f56bfc062723c751e8b465ee728b)
Start importing Assets/OArielG/2DSimpleUIPack/Examples/Prefabs/SmallButtons/SmallBlackPlayButton.prefab using Guid(5e2ddb081cddd2643b6d8a24ebd068ae) Importer(815301076,1909f56bfc062723c751e8b465ee728b)  -> (artifact id: 'be99f8d5b46d8ee8819b6767fe29ada1') in 0.013328 seconds 
========================================================================
Received Import Request.
  Time since last request: 59.331964 seconds.
  path: Assets/OArielG/2DSimpleUIPack/Examples/Prefabs/VerticalButtons/VerticalOrangeButton.prefab
  artifactKey: Guid(a98e38a09ea5a684fbe07e70cd65fa96) Importer(815301076,1909f56bfc062723c751e8b465ee728b)
Start importing Assets/OArielG/2DSimpleUIPack/Examples/Prefabs/VerticalButtons/VerticalOrangeButton.prefab using Guid(a98e38a09ea5a684fbe07e70cd65fa96) Importer(815301076,1909f56bfc062723c751e8b465ee728b)  -> (artifact id: '93b1ee49c3405927319fd19a645f140d') in 0.005801 seconds 
Editor requested this worker to shutdown with reason: Scaling down because of idle timeout
AssetImportWorker is now disconnected from the server
Process exiting
Exiting without the bug reporter. Application will terminate with return code 0