Using pre-set license
Built from '2021.3/release' branch; Version is '2021.3.17f1 (3e8111cac19d) revision 4096273'; Using compiler version '192829333'; Build Type 'Release'
OS: 'Windows 11  (10.0.22621) 64bit Professional' Language: 'en' Physical Memory: 32509 MB
BatchMode: 1, IsHumanControllingUs: 0, StartBugReporterOnCrash: 0, Is64bit: 1, IsPro: 1

COMMAND LINE ARGUMENTS:
C:\Program Files\Unity\Hub\Editor\2021.3.17f1\Editor\Unity.exe
-adb2
-batchMode
-noUpm
-name
AssetImportWorker19
-projectPath
C:/Users/Zhenjie Liu/Desktop/Vampire-Hunter
-logFile
Logs/AssetImportWorker19.log
-srvPort
63530
Successfully changed project path to: C:/Users/Zhenjie Liu/Desktop/Vampire-Hunter
C:/Users/Zhenjie Liu/Desktop/Vampire-Hunter
[UnityMemory] Configuration Parameters - Can be set up in boot.config
    "memorysetup-bucket-allocator-granularity=16"
    "memorysetup-bucket-allocator-bucket-count=8"
    "memorysetup-bucket-allocator-block-size=33554432"
    "memorysetup-bucket-allocator-block-count=8"
    "memorysetup-main-allocator-block-size=16777216"
    "memorysetup-thread-allocator-block-size=16777216"
    "memorysetup-gfx-main-allocator-block-size=16777216"
    "memorysetup-gfx-thread-allocator-block-size=16777216"
    "memorysetup-cache-allocator-block-size=4194304"
    "memorysetup-typetree-allocator-block-size=2097152"
    "memorysetup-profiler-bucket-allocator-granularity=16"
    "memorysetup-profiler-bucket-allocator-bucket-count=8"
    "memorysetup-profiler-bucket-allocator-block-size=33554432"
    "memorysetup-profiler-bucket-allocator-block-count=8"
    "memorysetup-profiler-allocator-block-size=16777216"
    "memorysetup-profiler-editor-allocator-block-size=1048576"
    "memorysetup-temp-allocator-size-main=16777216"
    "memorysetup-job-temp-allocator-block-size=2097152"
    "memorysetup-job-temp-allocator-block-size-background=1048576"
    "memorysetup-job-temp-allocator-reduction-small-platforms=262144"
    "memorysetup-temp-allocator-size-background-worker=32768"
    "memorysetup-temp-allocator-size-job-worker=262144"
    "memorysetup-temp-allocator-size-preload-manager=33554432"
    "memorysetup-temp-allocator-size-nav-mesh-worker=65536"
    "memorysetup-temp-allocator-size-audio-worker=65536"
    "memorysetup-temp-allocator-size-cloud-worker=32768"
    "memorysetup-temp-allocator-size-gi-baking-worker=262144"
    "memorysetup-temp-allocator-size-gfx=262144"
Player connection [35084] Host "[IP] 192.168.50.248 [Port] 0 [Flags] 2 [Guid] 883060760 [EditorId] 883060760 [Version] 1048832 [Id] WindowsEditor(7,DESKTOP-LHPPLTO) [Debug] 1 [PackageName] WindowsEditor [ProjectName] Editor" joined multi-casting on [225.0.0.222:54997]...

Player connection [35084] Host "[IP] 192.168.50.248 [Port] 0 [Flags] 2 [Guid] 883060760 [EditorId] 883060760 [Version] 1048832 [Id] WindowsEditor(7,DESKTOP-LHPPLTO) [Debug] 1 [PackageName] WindowsEditor [ProjectName] Editor" joined alternative multi-casting on [225.0.0.222:34997]...

Refreshing native plugins compatible for Editor in 52.05 ms, found 4 plugins.
Preloading 0 native plugins for Editor in 0.00 ms.
Initialize engine version: 2021.3.17f1 (3e8111cac19d)
[Subsystems] Discovering subsystems at path C:/Program Files/Unity/Hub/Editor/2021.3.17f1/Editor/Data/Resources/UnitySubsystems
[Subsystems] Discovering subsystems at path C:/Users/Zhenjie Liu/Desktop/Vampire-Hunter/Assets
GfxDevice: creating device client; threaded=0; jobified=0
Direct3D:
    Version:  Direct3D 11.0 [level 11.1]
    Renderer: NVIDIA GeForce RTX 3060 (ID=0x2544)
    Vendor:   NVIDIA
    VRAM:     8049 MB
    Driver:   31.0.15.2849
Initialize mono
Mono path[0] = 'C:/Program Files/Unity/Hub/Editor/2021.3.17f1/Editor/Data/Managed'
Mono path[1] = 'C:/Program Files/Unity/Hub/Editor/2021.3.17f1/Editor/Data/MonoBleedingEdge/lib/mono/unityjit-win32'
Mono config path = 'C:/Program Files/Unity/Hub/Editor/2021.3.17f1/Editor/Data/MonoBleedingEdge/etc'
Using monoOptions --debugger-agent=transport=dt_socket,embedding=1,server=y,suspend=n,address=127.0.0.1:56608
Begin MonoManager ReloadAssembly
Registering precompiled unity dll's ...
Register platform support module: C:/Program Files/Unity/Hub/Editor/2021.3.17f1/Editor/Data/PlaybackEngines/AndroidPlayer/UnityEditor.Android.Extensions.dll
Register platform support module: C:/Program Files/Unity/Hub/Editor/2021.3.17f1/Editor/Data/PlaybackEngines/WindowsStandaloneSupport/UnityEditor.WindowsStandalone.Extensions.dll
Registered in 0.002269 seconds.
Native extension for WindowsStandalone target not found
Native extension for Android target not found
Android Extension - Scanning For ADB Devices 130 ms
Refreshing native plugins compatible for Editor in 51.29 ms, found 4 plugins.
Preloading 0 native plugins for Editor in 0.00 ms.
Mono: successfully reloaded assembly
- Completed reload, in  0.471 seconds
Domain Reload Profiling:
	ReloadAssembly (471ms)
		BeginReloadAssembly (36ms)
			ExecutionOrderSort (0ms)
			DisableScriptedObjects (0ms)
			BackupInstance (0ms)
			ReleaseScriptingObjects (0ms)
			CreateAndSetChildDomain (0ms)
		EndReloadAssembly (380ms)
			LoadAssemblies (35ms)
			RebuildTransferFunctionScriptingTraits (0ms)
			SetupTypeCache (53ms)
			ReleaseScriptCaches (0ms)
			RebuildScriptCaches (13ms)
			SetupLoadedEditorAssemblies (288ms)
				LogAssemblyErrors (0ms)
				InitializePlatformSupportModulesInManaged (172ms)
				SetLoadedEditorAssemblies (0ms)
				RefreshPlugins (51ms)
				BeforeProcessingInitializeOnLoad (1ms)
				ProcessInitializeOnLoadAttributes (43ms)
				ProcessInitializeOnLoadMethodAttributes (20ms)
				AfterProcessingInitializeOnLoad (0ms)
				EditorAssembliesLoaded (0ms)
			ExecutionOrderSort2 (0ms)
			AwakeInstancesAfterBackupRestoration (0ms)
Platform modules already initialized, skipping
Registering precompiled user dll's ...
Registered in 0.002820 seconds.
Begin MonoManager ReloadAssembly
Symbol file LoadedFromMemory doesn't match image C:\Users\Zhenjie Liu\Desktop\Vampire-Hunter\Library\PackageCache\com.unity.visualscripting@1.8.0\Editor\VisualScripting.Core\Dependencies\YamlDotNet\Unity.VisualScripting.YamlDotNet.dll
Symbol file LoadedFromMemory doesn't match image C:\Users\Zhenjie Liu\Desktop\Vampire-Hunter\Library\PackageCache\com.unity.visualscripting@1.8.0\Editor\VisualScripting.Core\Dependencies\DotNetZip\Unity.VisualScripting.IonicZip.dll
Native extension for WindowsStandalone target not found
Native extension for Android target not found
Refreshing native plugins compatible for Editor in 51.05 ms, found 4 plugins.
Preloading 0 native plugins for Editor in 0.00 ms.
Mono: successfully reloaded assembly
- Completed reload, in  0.604 seconds
Domain Reload Profiling:
	ReloadAssembly (605ms)
		BeginReloadAssembly (53ms)
			ExecutionOrderSort (0ms)
			DisableScriptedObjects (3ms)
			BackupInstance (0ms)
			ReleaseScriptingObjects (0ms)
			CreateAndSetChildDomain (11ms)
		EndReloadAssembly (494ms)
			LoadAssemblies (41ms)
			RebuildTransferFunctionScriptingTraits (0ms)
			SetupTypeCache (126ms)
			ReleaseScriptCaches (0ms)
			RebuildScriptCaches (31ms)
			SetupLoadedEditorAssemblies (258ms)
				LogAssemblyErrors (0ms)
				InitializePlatformSupportModulesInManaged (8ms)
				SetLoadedEditorAssemblies (0ms)
				RefreshPlugins (51ms)
				BeforeProcessingInitializeOnLoad (48ms)
				ProcessInitializeOnLoadAttributes (126ms)
				ProcessInitializeOnLoadMethodAttributes (22ms)
				AfterProcessingInitializeOnLoad (3ms)
				EditorAssembliesLoaded (0ms)
			ExecutionOrderSort2 (0ms)
			AwakeInstancesAfterBackupRestoration (3ms)
Platform modules already initialized, skipping
========================================================================
Worker process is ready to serve import requests
Launched and connected shader compiler UnityShaderCompiler.exe after 0.02 seconds
Refreshing native plugins compatible for Editor in 0.53 ms, found 4 plugins.
Preloading 0 native plugins for Editor in 0.00 ms.
Unloading 4303 Unused Serialized files (Serialized files now loaded: 0)
Unloading 51 unused Assets / (129.3 KB). Loaded Objects now: 4766.
Memory consumption went from 162.0 MB to 161.9 MB.
Total: 1.821800 ms (FindLiveObjects: 0.158700 ms CreateObjectMapping: 0.046200 ms MarkObjects: 1.558800 ms  DeleteObjects: 0.057400 ms)

AssetImportParameters requested are different than current active one (requested -> active):
  custom:video-decoder-ogg-theora: a1e56fd34408186e4bbccfd4996cb3dc -> 
  custom:container-muxer-webm: aa71ff27fc2769a1b78a27578f13a17b -> 
  custom:container-demuxer-webm: 4f35f7cbe854078d1ac9338744f61a02 -> 
  custom:video-encoder-webm-vp8: eb34c28f22e8b96e1ab97ce403110664 -> 
  custom:audio-encoder-webm-vorbis: bf7c407c2cedff20999df2af8eb42d56 -> 
  custom:framework-win-MediaFoundation: 216162199b28c13a410421893ffa2e32 -> 
  custom:container-demuxer-ogg: 62fdf1f143b41e24485cea50d1cbac27 -> 
  custom:video-decoder-webm-vp8: 9c59270c3fd7afecdb556c50c9e8de78 -> 
  custom:audio-decoder-ogg-vorbis: bf7c407c2cedff20999df2af8eb42d56 -> 
========================================================================
Received Import Request.
  Time since last request: 441520.982618 seconds.
  path: Assets/UI Elements/Black/2x/Button 1.png
  artifactKey: Guid(eecf120ef52b2974193220609e7469a2) Importer(815301076,1909f56bfc062723c751e8b465ee728b)
Start importing Assets/UI Elements/Black/2x/Button 1.png using Guid(eecf120ef52b2974193220609e7469a2) Importer(815301076,1909f56bfc062723c751e8b465ee728b)  -> (artifact id: '924f0a89610b2617893d028b9dd889f3') in 0.117502 seconds 
========================================================================
Received Import Request.
  Time since last request: 0.000018 seconds.
  path: Assets/UI Elements/Black/2x/sign2.png
  artifactKey: Guid(3d45ca609fa0cb84eab13d67a99087d4) Importer(815301076,1909f56bfc062723c751e8b465ee728b)
Start importing Assets/UI Elements/Black/2x/sign2.png using Guid(3d45ca609fa0cb84eab13d67a99087d4) Importer(815301076,1909f56bfc062723c751e8b465ee728b)  -> (artifact id: '6fb8cde25be3859b076a0edf114441e8') in 0.007766 seconds 
========================================================================
Received Import Request.
  Time since last request: 0.000017 seconds.
  path: Assets/UI Elements/Black/2x/unlock.png
  artifactKey: Guid(6def0b9d55a9ad6439e7e4c296bc6117) Importer(815301076,1909f56bfc062723c751e8b465ee728b)
Start importing Assets/UI Elements/Black/2x/unlock.png using Guid(6def0b9d55a9ad6439e7e4c296bc6117) Importer(815301076,1909f56bfc062723c751e8b465ee728b)  -> (artifact id: 'f74ab360c6d48c4158111990b497328e') in 0.007526 seconds 
========================================================================
Received Import Request.
  Time since last request: 0.000014 seconds.
  path: Assets/UI Elements/Black/2x/gamepad1.png
  artifactKey: Guid(1175708c2a803bb4daa094a7f1247a74) Importer(815301076,1909f56bfc062723c751e8b465ee728b)
Start importing Assets/UI Elements/Black/2x/gamepad1.png using Guid(1175708c2a803bb4daa094a7f1247a74) Importer(815301076,1909f56bfc062723c751e8b465ee728b)  -> (artifact id: '3f322ecca31ff27b7a820212cf9b6be2') in 0.010563 seconds 
========================================================================
Received Import Request.
  Time since last request: 0.000013 seconds.
  path: Assets/UI Elements/Black/2x/right.png
  artifactKey: Guid(cc5cbe1622b26d846934e90b34bf4e26) Importer(815301076,1909f56bfc062723c751e8b465ee728b)
Start importing Assets/UI Elements/Black/2x/right.png using Guid(cc5cbe1622b26d846934e90b34bf4e26) Importer(815301076,1909f56bfc062723c751e8b465ee728b)  -> (artifact id: '645e134e97462519842b741b95a94c8f') in 0.008612 seconds 
========================================================================
Received Import Request.
  Time since last request: 0.000021 seconds.
  path: Assets/UI Elements/Black/2x/gamepad2.png
  artifactKey: Guid(79c01f7e766773747bc9eee4f6a90179) Importer(815301076,1909f56bfc062723c751e8b465ee728b)
Start importing Assets/UI Elements/Black/2x/gamepad2.png using Guid(79c01f7e766773747bc9eee4f6a90179) Importer(815301076,1909f56bfc062723c751e8b465ee728b)  -> (artifact id: 'e8c22cb9868dd57cd9d16f4261baa563') in 0.051886 seconds 
========================================================================
Received Import Request.
  Time since last request: 0.000015 seconds.
  path: Assets/UI Elements/Black/2x/menu1.png
  artifactKey: Guid(93b4b95fa7d7d954092f862f57c880bf) Importer(815301076,1909f56bfc062723c751e8b465ee728b)
Start importing Assets/UI Elements/Black/2x/menu1.png using Guid(93b4b95fa7d7d954092f862f57c880bf) Importer(815301076,1909f56bfc062723c751e8b465ee728b)  -> (artifact id: '01b75a45ba4b6868dad0357d3c41f672') in 0.008749 seconds 
========================================================================
Received Import Request.
  Time since last request: 0.000022 seconds.
  path: Assets/UI Elements/Black/2x/music on.png
  artifactKey: Guid(44f0b58ea8fab6346ba2b049cc2e4247) Importer(815301076,1909f56bfc062723c751e8b465ee728b)
Start importing Assets/UI Elements/Black/2x/music on.png using Guid(44f0b58ea8fab6346ba2b049cc2e4247) Importer(815301076,1909f56bfc062723c751e8b465ee728b)  -> (artifact id: '1c85a060d24e43125eb8e8526b04cf8c') in 0.035472 seconds 
========================================================================
Received Import Request.
  Time since last request: 0.000016 seconds.
  path: Assets/UI Elements/Black/2x/mic on.png
  artifactKey: Guid(d270f1dd858e5f34e93cea83f9196652) Importer(815301076,1909f56bfc062723c751e8b465ee728b)
Start importing Assets/UI Elements/Black/2x/mic on.png using Guid(d270f1dd858e5f34e93cea83f9196652) Importer(815301076,1909f56bfc062723c751e8b465ee728b)  -> (artifact id: '8f429ccca32e48e65a22679260c4d29c') in 0.008467 seconds 
========================================================================
Received Import Request.
  Time since last request: 0.000017 seconds.
  path: Assets/UI Elements/Black/2x/Button A.png
  artifactKey: Guid(cea228f31549fde48a76610820c35545) Importer(815301076,1909f56bfc062723c751e8b465ee728b)
Start importing Assets/UI Elements/Black/2x/Button A.png using Guid(cea228f31549fde48a76610820c35545) Importer(815301076,1909f56bfc062723c751e8b465ee728b)  -> (artifact id: '81e53b82fbac7ed56e8c57d269a443b4') in 0.007248 seconds 
========================================================================
Received Import Request.
  Time since last request: 0.000013 seconds.
  path: Assets/UI Elements/Black/2x/home.png
  artifactKey: Guid(3d16015f0355c5c4789c0e11b07f45e7) Importer(815301076,1909f56bfc062723c751e8b465ee728b)
Start importing Assets/UI Elements/Black/2x/home.png using Guid(3d16015f0355c5c4789c0e11b07f45e7) Importer(815301076,1909f56bfc062723c751e8b465ee728b)  -> (artifact id: '9ada5df113ad8efcef362b73dffd2666') in 0.007028 seconds 
========================================================================
Received Import Request.
  Time since last request: 0.000017 seconds.
  path: Assets/UI Elements/Black/2x/forward.png
  artifactKey: Guid(577ecfa6296ec1042b325e1ebae0a37b) Importer(815301076,1909f56bfc062723c751e8b465ee728b)
Start importing Assets/UI Elements/Black/2x/forward.png using Guid(577ecfa6296ec1042b325e1ebae0a37b) Importer(815301076,1909f56bfc062723c751e8b465ee728b)  -> (artifact id: '5802f114ce064c9b8edb26f380e455bf') in 0.008192 seconds 
========================================================================
Received Import Request.
  Time since last request: 0.000018 seconds.
  path: Assets/UI Elements/Black/2x/south-east arrow.png
  artifactKey: Guid(c3e154f98c2acf540a698d3a69c83788) Importer(815301076,1909f56bfc062723c751e8b465ee728b)
Start importing Assets/UI Elements/Black/2x/south-east arrow.png using Guid(c3e154f98c2acf540a698d3a69c83788) Importer(815301076,1909f56bfc062723c751e8b465ee728b)  -> (artifact id: 'dfdc1954fa67618491b36433838a09c8') in 0.008448 seconds 
========================================================================
Received Import Request.
  Time since last request: 0.000018 seconds.
  path: Assets/UI Elements/Black/2x/settings.png
  artifactKey: Guid(f28e91e85de485944898befb512f19cd) Importer(815301076,1909f56bfc062723c751e8b465ee728b)
Start importing Assets/UI Elements/Black/2x/settings.png using Guid(f28e91e85de485944898befb512f19cd) Importer(815301076,1909f56bfc062723c751e8b465ee728b)  -> (artifact id: '08ca4310e5a550d13f68cd5552e59954') in 0.008447 seconds 
========================================================================
Received Import Request.
  Time since last request: 2.837151 seconds.
  path: Assets/UI Elements/Black/1x/BUtton 3.png
  artifactKey: Guid(fab110d7060f61f4b815a193d1773557) Importer(815301076,1909f56bfc062723c751e8b465ee728b)
Start importing Assets/UI Elements/Black/1x/BUtton 3.png using Guid(fab110d7060f61f4b815a193d1773557) Importer(815301076,1909f56bfc062723c751e8b465ee728b)  -> (artifact id: '38b4701c71f1efa18fa01134762e740d') in 0.020822 seconds 
========================================================================
Received Import Request.
  Time since last request: 0.000018 seconds.
  path: Assets/UI Elements/Black/1x/gamepad2.png
  artifactKey: Guid(148c54b225c0dfc48a6427742f17f18f) Importer(815301076,1909f56bfc062723c751e8b465ee728b)
Start importing Assets/UI Elements/Black/1x/gamepad2.png using Guid(148c54b225c0dfc48a6427742f17f18f) Importer(815301076,1909f56bfc062723c751e8b465ee728b)  -> (artifact id: '7b6014427771a1647c3b4947bd3c062c') in 0.008757 seconds 
========================================================================
Received Import Request.
  Time since last request: 0.000015 seconds.
  path: Assets/UI Elements/Black/1x/south-west arrow.png
  artifactKey: Guid(1d4d0cd6fb3a3c240a1e0d589cc78725) Importer(815301076,1909f56bfc062723c751e8b465ee728b)
Start importing Assets/UI Elements/Black/1x/south-west arrow.png using Guid(1d4d0cd6fb3a3c240a1e0d589cc78725) Importer(815301076,1909f56bfc062723c751e8b465ee728b)  -> (artifact id: 'af5832f45a083e42876d19e238c25262') in 0.007144 seconds 
========================================================================
Received Import Request.
  Time since last request: 0.000016 seconds.
  path: Assets/UI Elements/Black/1x/sign2.png
  artifactKey: Guid(bb6c239f2d9a62d4aa10fe8fbcef9f1f) Importer(815301076,1909f56bfc062723c751e8b465ee728b)
Start importing Assets/UI Elements/Black/1x/sign2.png using Guid(bb6c239f2d9a62d4aa10fe8fbcef9f1f) Importer(815301076,1909f56bfc062723c751e8b465ee728b)  -> (artifact id: '684a1c61f65047f86483e793014403db') in 0.009678 seconds 
========================================================================
Received Import Request.
  Time since last request: 0.000017 seconds.
  path: Assets/UI Elements/Black/1x/music on.png
  artifactKey: Guid(65d4f0924a9fa6e409ebc00b0dc161a4) Importer(815301076,1909f56bfc062723c751e8b465ee728b)
Start importing Assets/UI Elements/Black/1x/music on.png using Guid(65d4f0924a9fa6e409ebc00b0dc161a4) Importer(815301076,1909f56bfc062723c751e8b465ee728b)  -> (artifact id: '7a604229986da0f8a0bfe28f14381c82') in 0.007499 seconds 
========================================================================
Received Import Request.
  Time since last request: 0.000015 seconds.
  path: Assets/UI Elements/Black/1x/south-east arrow.png
  artifactKey: Guid(addbf6f4ecafe274ea233dd0e3034ff1) Importer(815301076,1909f56bfc062723c751e8b465ee728b)
Start importing Assets/UI Elements/Black/1x/south-east arrow.png using Guid(addbf6f4ecafe274ea233dd0e3034ff1) Importer(815301076,1909f56bfc062723c751e8b465ee728b)  -> (artifact id: '3a21e40769af5747c7c6c4a98fddf5bb') in 0.006895 seconds 
========================================================================
Received Import Request.
  Time since last request: 0.000015 seconds.
  path: Assets/UI Elements/Black/1x/sign1.png
  artifactKey: Guid(6c2f508c2c8885b48a9633a0775ae4a0) Importer(815301076,1909f56bfc062723c751e8b465ee728b)
Start importing Assets/UI Elements/Black/1x/sign1.png using Guid(6c2f508c2c8885b48a9633a0775ae4a0) Importer(815301076,1909f56bfc062723c751e8b465ee728b)  -> (artifact id: 'f740a7b08a04624989904ec2411d0e2a') in 0.006608 seconds 
========================================================================
Received Import Request.
  Time since last request: 0.000015 seconds.
  path: Assets/UI Elements/Black/1x/hamburger icon.png
  artifactKey: Guid(526cc0e3015b2ce4890db0c2d9490600) Importer(815301076,1909f56bfc062723c751e8b465ee728b)
Start importing Assets/UI Elements/Black/1x/hamburger icon.png using Guid(526cc0e3015b2ce4890db0c2d9490600) Importer(815301076,1909f56bfc062723c751e8b465ee728b)  -> (artifact id: '51ffb7901af2e8eb899b5fd103f00c09') in 0.007899 seconds 
========================================================================
Received Import Request.
  Time since last request: 0.000015 seconds.
  path: Assets/UI Elements/Black/1x/Leaderboard.png
  artifactKey: Guid(84d4023617b419c4e92ab9413f8cbb86) Importer(815301076,1909f56bfc062723c751e8b465ee728b)
Start importing Assets/UI Elements/Black/1x/Leaderboard.png using Guid(84d4023617b419c4e92ab9413f8cbb86) Importer(815301076,1909f56bfc062723c751e8b465ee728b)  -> (artifact id: 'bb40048dbbc765f88b69b8c83cf543fd') in 0.010162 seconds 
========================================================================
Received Import Request.
  Time since last request: 2.252226 seconds.
  path: Assets/UI Elements/Extras/ProgressBars/progressBar2.png
  artifactKey: Guid(afce83f863e31494781f3972d2734761) Importer(815301076,1909f56bfc062723c751e8b465ee728b)
Start importing Assets/UI Elements/Extras/ProgressBars/progressBar2.png using Guid(afce83f863e31494781f3972d2734761) Importer(815301076,1909f56bfc062723c751e8b465ee728b)  -> (artifact id: '834d59fd0a46eaa0e86bc3b694243e5b') in 0.014171 seconds 
========================================================================
Received Import Request.
  Time since last request: 2.825183 seconds.
  path: Assets/UI Elements/Extras/Circle512/circlefillRy86px512px.png
  artifactKey: Guid(afb2ac212290a184db5260fceddcdc03) Importer(815301076,1909f56bfc062723c751e8b465ee728b)
Start importing Assets/UI Elements/Extras/Circle512/circlefillRy86px512px.png using Guid(afb2ac212290a184db5260fceddcdc03) Importer(815301076,1909f56bfc062723c751e8b465ee728b)  -> (artifact id: 'd5e735ded689e331d8554c4c6d77cea8') in 0.017923 seconds 
========================================================================
Received Import Request.
  Time since last request: 0.787290 seconds.
  path: Assets/UI Elements/Extras/Circle256/circlefillRy32px256px.png
  artifactKey: Guid(ebc82bb9dacba0f478d2a059e9181886) Importer(815301076,1909f56bfc062723c751e8b465ee728b)
Start importing Assets/UI Elements/Extras/Circle256/circlefillRy32px256px.png using Guid(ebc82bb9dacba0f478d2a059e9181886) Importer(815301076,1909f56bfc062723c751e8b465ee728b)  -> (artifact id: 'c1361fcc5ae43c2f4a22298b77ca2caa') in 0.014971 seconds 
========================================================================
Received Import Request.
  Time since last request: 0.653457 seconds.
  path: Assets/UI Elements/Extras/Circle128/circlefill8px.png
  artifactKey: Guid(486a826db15e5774981eb30353a0d03b) Importer(815301076,1909f56bfc062723c751e8b465ee728b)
Start importing Assets/UI Elements/Extras/Circle128/circlefill8px.png using Guid(486a826db15e5774981eb30353a0d03b) Importer(815301076,1909f56bfc062723c751e8b465ee728b)  -> (artifact id: '60e809ee4d05ad4088b6bd4710a5ac9e') in 0.022014 seconds 
========================================================================
Received Import Request.
  Time since last request: 3.795510 seconds.
  path: Assets/UI Elements/White/1x/BUtton 3.png
  artifactKey: Guid(4b8ac79055b2af4408f7a8ffd3b7610d) Importer(815301076,1909f56bfc062723c751e8b465ee728b)
Start importing Assets/UI Elements/White/1x/BUtton 3.png using Guid(4b8ac79055b2af4408f7a8ffd3b7610d) Importer(815301076,1909f56bfc062723c751e8b465ee728b)  -> (artifact id: '04289c5da737c163d4e93f267ebc12f0') in 0.018933 seconds 
========================================================================
Received Import Request.
  Time since last request: 0.000016 seconds.
  path: Assets/UI Elements/White/1x/gamepad2.png
  artifactKey: Guid(5554ca8c7be720f418a6615961c299a3) Importer(815301076,1909f56bfc062723c751e8b465ee728b)
Start importing Assets/UI Elements/White/1x/gamepad2.png using Guid(5554ca8c7be720f418a6615961c299a3) Importer(815301076,1909f56bfc062723c751e8b465ee728b)  -> (artifact id: '2347cafcc011b0ec50b8ae04455ebb93') in 0.006854 seconds 
========================================================================
Received Import Request.
  Time since last request: 0.000018 seconds.
  path: Assets/UI Elements/White/1x/home.png
  artifactKey: Guid(dc4bc33d52db40c42bcafbcf6d63ca8a) Importer(815301076,1909f56bfc062723c751e8b465ee728b)
Start importing Assets/UI Elements/White/1x/home.png using Guid(dc4bc33d52db40c42bcafbcf6d63ca8a) Importer(815301076,1909f56bfc062723c751e8b465ee728b)  -> (artifact id: 'c9bd6eece52d96514b6611aaaad460f3') in 0.007775 seconds 
========================================================================
Received Import Request.
  Time since last request: 0.000023 seconds.
  path: Assets/UI Elements/White/1x/exit right.png
  artifactKey: Guid(e11d3330e5e316e43b980432fab67f97) Importer(815301076,1909f56bfc062723c751e8b465ee728b)
Start importing Assets/UI Elements/White/1x/exit right.png using Guid(e11d3330e5e316e43b980432fab67f97) Importer(815301076,1909f56bfc062723c751e8b465ee728b)  -> (artifact id: 'c3a46fc738979bec34d3dad5240e0c56') in 0.006824 seconds 
========================================================================
Received Import Request.
  Time since last request: 0.000015 seconds.
  path: Assets/UI Elements/White/1x/mic on.png
  artifactKey: Guid(5e5ec5776ed884446a324f33e0242961) Importer(815301076,1909f56bfc062723c751e8b465ee728b)
Start importing Assets/UI Elements/White/1x/mic on.png using Guid(5e5ec5776ed884446a324f33e0242961) Importer(815301076,1909f56bfc062723c751e8b465ee728b)  -> (artifact id: '0abe138f26b66cc177ba05f49b6cdd2c') in 0.007710 seconds 
========================================================================
Received Import Request.
  Time since last request: 0.000016 seconds.
  path: Assets/UI Elements/White/1x/share.png
  artifactKey: Guid(79203e86ffda6904cb5ed1ea84b589b0) Importer(815301076,1909f56bfc062723c751e8b465ee728b)
Start importing Assets/UI Elements/White/1x/share.png using Guid(79203e86ffda6904cb5ed1ea84b589b0) Importer(815301076,1909f56bfc062723c751e8b465ee728b)  -> (artifact id: 'ad0a98b7c8c5cddca706e3e9a65da6c6') in 0.009831 seconds 
========================================================================
Received Import Request.
  Time since last request: 0.000017 seconds.
  path: Assets/UI Elements/White/1x/menu1.png
  artifactKey: Guid(ba0998b69bda33642b0aeccfb88745ef) Importer(815301076,1909f56bfc062723c751e8b465ee728b)
Start importing Assets/UI Elements/White/1x/menu1.png using Guid(ba0998b69bda33642b0aeccfb88745ef) Importer(815301076,1909f56bfc062723c751e8b465ee728b)  -> (artifact id: '4086bd8be961d3ef2d862a742c8ecb00') in 0.009597 seconds 
========================================================================
Received Import Request.
  Time since last request: 0.000013 seconds.
  path: Assets/UI Elements/White/1x/up arrow.png
  artifactKey: Guid(c356d10b4a98a33448a9da4bb7bc4990) Importer(815301076,1909f56bfc062723c751e8b465ee728b)
Start importing Assets/UI Elements/White/1x/up arrow.png using Guid(c356d10b4a98a33448a9da4bb7bc4990) Importer(815301076,1909f56bfc062723c751e8b465ee728b)  -> (artifact id: '1d8c2d6a94fec653f6e5163cef89687e') in 0.011844 seconds 
========================================================================
Received Import Request.
  Time since last request: 1.184656 seconds.
  path: Assets/UI Elements/White/2x/Button 3.png
  artifactKey: Guid(ec02013256c3e0c40b06d46162f1108a) Importer(815301076,1909f56bfc062723c751e8b465ee728b)
Start importing Assets/UI Elements/White/2x/Button 3.png using Guid(ec02013256c3e0c40b06d46162f1108a) Importer(815301076,1909f56bfc062723c751e8b465ee728b)  -> (artifact id: 'cdfbd035f6b8224d9287247d5411ef28') in 0.015601 seconds 
========================================================================
Received Import Request.
  Time since last request: 0.000013 seconds.
  path: Assets/UI Elements/White/2x/pause.png
  artifactKey: Guid(1efe4aa24a33d0e4181b793c7107a7df) Importer(815301076,1909f56bfc062723c751e8b465ee728b)
Start importing Assets/UI Elements/White/2x/pause.png using Guid(1efe4aa24a33d0e4181b793c7107a7df) Importer(815301076,1909f56bfc062723c751e8b465ee728b)  -> (artifact id: '39fd5ac0be1fb8a351dfec06fb02d0b9') in 0.009319 seconds 
========================================================================
Received Import Request.
  Time since last request: 0.000015 seconds.
  path: Assets/UI Elements/White/2x/camera.png
  artifactKey: Guid(6e25e74d93f2a85458c20d2e7958b0a7) Importer(815301076,1909f56bfc062723c751e8b465ee728b)
Start importing Assets/UI Elements/White/2x/camera.png using Guid(6e25e74d93f2a85458c20d2e7958b0a7) Importer(815301076,1909f56bfc062723c751e8b465ee728b)  -> (artifact id: 'e5d5b83be3b195f70b54a47d9509c1f6') in 0.008901 seconds 
========================================================================
Received Import Request.
  Time since last request: 0.000015 seconds.
  path: Assets/UI Elements/White/2x/music off.png
  artifactKey: Guid(cd66867f62719cf478a3bd384c6e05dc) Importer(815301076,1909f56bfc062723c751e8b465ee728b)
Start importing Assets/UI Elements/White/2x/music off.png using Guid(cd66867f62719cf478a3bd384c6e05dc) Importer(815301076,1909f56bfc062723c751e8b465ee728b)  -> (artifact id: '9293a710fdedaf630f8297e5328bdf1a') in 0.007609 seconds 
========================================================================
Received Import Request.
  Time since last request: 0.000017 seconds.
  path: Assets/UI Elements/White/2x/down arrow.png
  artifactKey: Guid(dd5ab83baa480ea44b966d7ca90d09bc) Importer(815301076,1909f56bfc062723c751e8b465ee728b)
Start importing Assets/UI Elements/White/2x/down arrow.png using Guid(dd5ab83baa480ea44b966d7ca90d09bc) Importer(815301076,1909f56bfc062723c751e8b465ee728b)  -> (artifact id: '017e7e4e0e49cf37ac32026e90d9acab') in 0.008705 seconds 
========================================================================
Received Import Request.
  Time since last request: 0.000012 seconds.
  path: Assets/UI Elements/White/2x/share.png
  artifactKey: Guid(5ecb3acb3d2847f4b8e949b0b4f872e2) Importer(815301076,1909f56bfc062723c751e8b465ee728b)
Start importing Assets/UI Elements/White/2x/share.png using Guid(5ecb3acb3d2847f4b8e949b0b4f872e2) Importer(815301076,1909f56bfc062723c751e8b465ee728b)  -> (artifact id: '041e0d5b08cf49c7057abe6eccce9765') in 0.007409 seconds 
========================================================================
Received Import Request.
  Time since last request: 0.000012 seconds.
  path: Assets/UI Elements/White/2x/down.png
  artifactKey: Guid(3acd8d445bc88f547a8d43d9bd313ccf) Importer(815301076,1909f56bfc062723c751e8b465ee728b)
Start importing Assets/UI Elements/White/2x/down.png using Guid(3acd8d445bc88f547a8d43d9bd313ccf) Importer(815301076,1909f56bfc062723c751e8b465ee728b)  -> (artifact id: '0c97102cc42b847a3d25824b7de9c87f') in 0.007908 seconds 
========================================================================
Received Import Request.
  Time since last request: 0.000014 seconds.
  path: Assets/UI Elements/White/2x/up arrow.png
  artifactKey: Guid(f770cba3027868644984454f295405d0) Importer(815301076,1909f56bfc062723c751e8b465ee728b)
Start importing Assets/UI Elements/White/2x/up arrow.png using Guid(f770cba3027868644984454f295405d0) Importer(815301076,1909f56bfc062723c751e8b465ee728b)  -> (artifact id: 'edbd09c6a096f13ce27e464ef4b4de85') in 0.008618 seconds 
========================================================================
Received Import Request.
  Time since last request: 51.694026 seconds.
  path: Assets/UI Elements/Extras/Rects/rectRy8.png
  artifactKey: Guid(07d91d9460b9e0c47b239fe98e5e0395) Importer(815301076,1909f56bfc062723c751e8b465ee728b)
Start importing Assets/UI Elements/Extras/Rects/rectRy8.png using Guid(07d91d9460b9e0c47b239fe98e5e0395) Importer(815301076,1909f56bfc062723c751e8b465ee728b)  -> (artifact id: 'a7e3f360b4855f834a471ea95bd0172f') in 0.030104 seconds 
========================================================================
Received Prepare
Registering precompiled user dll's ...
Registered in 0.002893 seconds.
Begin MonoManager ReloadAssembly
Symbol file LoadedFromMemory doesn't match image C:\Users\Zhenjie Liu\Desktop\Vampire-Hunter\Library\PackageCache\com.unity.visualscripting@1.8.0\Editor\VisualScripting.Core\Dependencies\YamlDotNet\Unity.VisualScripting.YamlDotNet.dll
Symbol file LoadedFromMemory doesn't match image C:\Users\Zhenjie Liu\Desktop\Vampire-Hunter\Library\PackageCache\com.unity.visualscripting@1.8.0\Editor\VisualScripting.Core\Dependencies\DotNetZip\Unity.VisualScripting.IonicZip.dll
Native extension for WindowsStandalone target not found
Native extension for Android target not found
Refreshing native plugins compatible for Editor in 0.61 ms, found 4 plugins.
Preloading 0 native plugins for Editor in 0.00 ms.
Mono: successfully reloaded assembly
- Completed reload, in  0.588 seconds
Domain Reload Profiling:
	ReloadAssembly (588ms)
		BeginReloadAssembly (79ms)
			ExecutionOrderSort (0ms)
			DisableScriptedObjects (3ms)
			BackupInstance (0ms)
			ReleaseScriptingObjects (0ms)
			CreateAndSetChildDomain (24ms)
		EndReloadAssembly (459ms)
			LoadAssemblies (49ms)
			RebuildTransferFunctionScriptingTraits (0ms)
			SetupTypeCache (129ms)
			ReleaseScriptCaches (1ms)
			RebuildScriptCaches (25ms)
			SetupLoadedEditorAssemblies (221ms)
				LogAssemblyErrors (0ms)
				InitializePlatformSupportModulesInManaged (15ms)
				SetLoadedEditorAssemblies (0ms)
				RefreshPlugins (1ms)
				BeforeProcessingInitializeOnLoad (43ms)
				ProcessInitializeOnLoadAttributes (134ms)
				ProcessInitializeOnLoadMethodAttributes (26ms)
				AfterProcessingInitializeOnLoad (3ms)
				EditorAssembliesLoaded (0ms)
			ExecutionOrderSort2 (0ms)
			AwakeInstancesAfterBackupRestoration (5ms)
Platform modules already initialized, skipping
Refreshing native plugins compatible for Editor in 1.54 ms, found 4 plugins.
Preloading 0 native plugins for Editor in 0.00 ms.
Unloading 4279 Unused Serialized files (Serialized files now loaded: 0)
Unloading 26 unused Assets / (95.3 KB). Loaded Objects now: 4839.
Memory consumption went from 163.8 MB to 163.7 MB.
Total: 1.875400 ms (FindLiveObjects: 0.162400 ms CreateObjectMapping: 0.057500 ms MarkObjects: 1.626700 ms  DeleteObjects: 0.028100 ms)

AssetImportParameters requested are different than current active one (requested -> active):
  custom:video-decoder-ogg-theora: a1e56fd34408186e4bbccfd4996cb3dc -> 
  custom:container-muxer-webm: aa71ff27fc2769a1b78a27578f13a17b -> 
  custom:container-demuxer-webm: 4f35f7cbe854078d1ac9338744f61a02 -> 
  custom:video-encoder-webm-vp8: eb34c28f22e8b96e1ab97ce403110664 -> 
  custom:audio-encoder-webm-vorbis: bf7c407c2cedff20999df2af8eb42d56 -> 
  custom:framework-win-MediaFoundation: 216162199b28c13a410421893ffa2e32 -> 
  custom:container-demuxer-ogg: 62fdf1f143b41e24485cea50d1cbac27 -> 
  custom:video-decoder-webm-vp8: 9c59270c3fd7afecdb556c50c9e8de78 -> 
  custom:audio-decoder-ogg-vorbis: bf7c407c2cedff20999df2af8eb42d56 -> 
Editor requested this worker to shutdown with reason: Scaling down because of idle timeout
AssetImportWorker is now disconnected from the server
Process exiting
Exiting without the bug reporter. Application will terminate with return code 0