Using pre-set license
Built from '2021.3/release' branch; Version is '2021.3.17f1 (3e8111cac19d) revision 4096273'; Using compiler version '192829333'; Build Type 'Release'
OS: 'Windows 11  (10.0.22621) 64bit Professional' Language: 'en' Physical Memory: 32509 MB
BatchMode: 1, IsHumanControllingUs: 0, StartBugReporterOnCrash: 0, Is64bit: 1, IsPro: 1

COMMAND LINE ARGUMENTS:
C:\Program Files\Unity\Hub\Editor\2021.3.17f1\Editor\Unity.exe
-adb2
-batchMode
-noUpm
-name
AssetImportWorker20
-projectPath
C:/Users/Zhenjie Liu/Desktop/Vampire-Hunter
-logFile
Logs/AssetImportWorker20.log
-srvPort
63530
Successfully changed project path to: C:/Users/Zhenjie Liu/Desktop/Vampire-Hunter
C:/Users/Zhenjie Liu/Desktop/Vampire-Hunter
[UnityMemory] Configuration Parameters - Can be set up in boot.config
    "memorysetup-bucket-allocator-granularity=16"
    "memorysetup-bucket-allocator-bucket-count=8"
    "memorysetup-bucket-allocator-block-size=33554432"
    "memorysetup-bucket-allocator-block-count=8"
    "memorysetup-main-allocator-block-size=16777216"
    "memorysetup-thread-allocator-block-size=16777216"
    "memorysetup-gfx-main-allocator-block-size=16777216"
    "memorysetup-gfx-thread-allocator-block-size=16777216"
    "memorysetup-cache-allocator-block-size=4194304"
    "memorysetup-typetree-allocator-block-size=2097152"
    "memorysetup-profiler-bucket-allocator-granularity=16"
    "memorysetup-profiler-bucket-allocator-bucket-count=8"
    "memorysetup-profiler-bucket-allocator-block-size=33554432"
    "memorysetup-profiler-bucket-allocator-block-count=8"
    "memorysetup-profiler-allocator-block-size=16777216"
    "memorysetup-profiler-editor-allocator-block-size=1048576"
    "memorysetup-temp-allocator-size-main=16777216"
    "memorysetup-job-temp-allocator-block-size=2097152"
    "memorysetup-job-temp-allocator-block-size-background=1048576"
    "memorysetup-job-temp-allocator-reduction-small-platforms=262144"
    "memorysetup-temp-allocator-size-background-worker=32768"
    "memorysetup-temp-allocator-size-job-worker=262144"
    "memorysetup-temp-allocator-size-preload-manager=33554432"
    "memorysetup-temp-allocator-size-nav-mesh-worker=65536"
    "memorysetup-temp-allocator-size-audio-worker=65536"
    "memorysetup-temp-allocator-size-cloud-worker=32768"
    "memorysetup-temp-allocator-size-gi-baking-worker=262144"
    "memorysetup-temp-allocator-size-gfx=262144"
Player connection [24296] Host "[IP] 192.168.50.248 [Port] 0 [Flags] 2 [Guid] 3463252154 [EditorId] 3463252154 [Version] 1048832 [Id] WindowsEditor(7,DESKTOP-LHPPLTO) [Debug] 1 [PackageName] WindowsEditor [ProjectName] Editor" joined multi-casting on [225.0.0.222:54997]...

Player connection [24296] Host "[IP] 192.168.50.248 [Port] 0 [Flags] 2 [Guid] 3463252154 [EditorId] 3463252154 [Version] 1048832 [Id] WindowsEditor(7,DESKTOP-LHPPLTO) [Debug] 1 [PackageName] WindowsEditor [ProjectName] Editor" joined alternative multi-casting on [225.0.0.222:34997]...

Refreshing native plugins compatible for Editor in 58.53 ms, found 4 plugins.
Preloading 0 native plugins for Editor in 0.00 ms.
Initialize engine version: 2021.3.17f1 (3e8111cac19d)
[Subsystems] Discovering subsystems at path C:/Program Files/Unity/Hub/Editor/2021.3.17f1/Editor/Data/Resources/UnitySubsystems
[Subsystems] Discovering subsystems at path C:/Users/Zhenjie Liu/Desktop/Vampire-Hunter/Assets
GfxDevice: creating device client; threaded=0; jobified=0
Direct3D:
    Version:  Direct3D 11.0 [level 11.1]
    Renderer: NVIDIA GeForce RTX 3060 (ID=0x2544)
    Vendor:   NVIDIA
    VRAM:     8049 MB
    Driver:   31.0.15.2849
Initialize mono
Mono path[0] = 'C:/Program Files/Unity/Hub/Editor/2021.3.17f1/Editor/Data/Managed'
Mono path[1] = 'C:/Program Files/Unity/Hub/Editor/2021.3.17f1/Editor/Data/MonoBleedingEdge/lib/mono/unityjit-win32'
Mono config path = 'C:/Program Files/Unity/Hub/Editor/2021.3.17f1/Editor/Data/MonoBleedingEdge/etc'
Using monoOptions --debugger-agent=transport=dt_socket,embedding=1,server=y,suspend=n,address=127.0.0.1:56132
Begin MonoManager ReloadAssembly
Registering precompiled unity dll's ...
Register platform support module: C:/Program Files/Unity/Hub/Editor/2021.3.17f1/Editor/Data/PlaybackEngines/AndroidPlayer/UnityEditor.Android.Extensions.dll
Register platform support module: C:/Program Files/Unity/Hub/Editor/2021.3.17f1/Editor/Data/PlaybackEngines/WindowsStandaloneSupport/UnityEditor.WindowsStandalone.Extensions.dll
Registered in 0.001933 seconds.
Native extension for WindowsStandalone target not found
Native extension for Android target not found
Android Extension - Scanning For ADB Devices 142 ms
Refreshing native plugins compatible for Editor in 52.13 ms, found 4 plugins.
Preloading 0 native plugins for Editor in 0.00 ms.
Mono: successfully reloaded assembly
- Completed reload, in  0.490 seconds
Domain Reload Profiling:
	ReloadAssembly (490ms)
		BeginReloadAssembly (36ms)
			ExecutionOrderSort (0ms)
			DisableScriptedObjects (0ms)
			BackupInstance (0ms)
			ReleaseScriptingObjects (0ms)
			CreateAndSetChildDomain (0ms)
		EndReloadAssembly (401ms)
			LoadAssemblies (34ms)
			RebuildTransferFunctionScriptingTraits (0ms)
			SetupTypeCache (53ms)
			ReleaseScriptCaches (0ms)
			RebuildScriptCaches (17ms)
			SetupLoadedEditorAssemblies (304ms)
				LogAssemblyErrors (0ms)
				InitializePlatformSupportModulesInManaged (185ms)
				SetLoadedEditorAssemblies (0ms)
				RefreshPlugins (52ms)
				BeforeProcessingInitializeOnLoad (1ms)
				ProcessInitializeOnLoadAttributes (44ms)
				ProcessInitializeOnLoadMethodAttributes (22ms)
				AfterProcessingInitializeOnLoad (0ms)
				EditorAssembliesLoaded (0ms)
			ExecutionOrderSort2 (0ms)
			AwakeInstancesAfterBackupRestoration (0ms)
Platform modules already initialized, skipping
Registering precompiled user dll's ...
Registered in 0.002733 seconds.
Begin MonoManager ReloadAssembly
Symbol file LoadedFromMemory doesn't match image C:\Users\Zhenjie Liu\Desktop\Vampire-Hunter\Library\PackageCache\com.unity.visualscripting@1.8.0\Editor\VisualScripting.Core\Dependencies\YamlDotNet\Unity.VisualScripting.YamlDotNet.dll
Symbol file LoadedFromMemory doesn't match image C:\Users\Zhenjie Liu\Desktop\Vampire-Hunter\Library\PackageCache\com.unity.visualscripting@1.8.0\Editor\VisualScripting.Core\Dependencies\DotNetZip\Unity.VisualScripting.IonicZip.dll
Native extension for WindowsStandalone target not found
Native extension for Android target not found
Refreshing native plugins compatible for Editor in 49.64 ms, found 4 plugins.
Preloading 0 native plugins for Editor in 0.00 ms.
Mono: successfully reloaded assembly
- Completed reload, in  0.606 seconds
Domain Reload Profiling:
	ReloadAssembly (606ms)
		BeginReloadAssembly (59ms)
			ExecutionOrderSort (0ms)
			DisableScriptedObjects (3ms)
			BackupInstance (0ms)
			ReleaseScriptingObjects (0ms)
			CreateAndSetChildDomain (11ms)
		EndReloadAssembly (488ms)
			LoadAssemblies (39ms)
			RebuildTransferFunctionScriptingTraits (0ms)
			SetupTypeCache (127ms)
			ReleaseScriptCaches (0ms)
			RebuildScriptCaches (32ms)
			SetupLoadedEditorAssemblies (254ms)
				LogAssemblyErrors (0ms)
				InitializePlatformSupportModulesInManaged (8ms)
				SetLoadedEditorAssemblies (0ms)
				RefreshPlugins (50ms)
				BeforeProcessingInitializeOnLoad (46ms)
				ProcessInitializeOnLoadAttributes (126ms)
				ProcessInitializeOnLoadMethodAttributes (22ms)
				AfterProcessingInitializeOnLoad (2ms)
				EditorAssembliesLoaded (0ms)
			ExecutionOrderSort2 (0ms)
			AwakeInstancesAfterBackupRestoration (3ms)
Platform modules already initialized, skipping
========================================================================
Worker process is ready to serve import requests
Launched and connected shader compiler UnityShaderCompiler.exe after 0.02 seconds
Refreshing native plugins compatible for Editor in 0.70 ms, found 4 plugins.
Preloading 0 native plugins for Editor in 0.00 ms.
Unloading 4303 Unused Serialized files (Serialized files now loaded: 0)
Unloading 51 unused Assets / (129.3 KB). Loaded Objects now: 4766.
Memory consumption went from 162.0 MB to 161.8 MB.
Total: 1.979800 ms (FindLiveObjects: 0.174700 ms CreateObjectMapping: 0.056600 ms MarkObjects: 1.683200 ms  DeleteObjects: 0.064500 ms)

AssetImportParameters requested are different than current active one (requested -> active):
  custom:video-decoder-ogg-theora: a1e56fd34408186e4bbccfd4996cb3dc -> 
  custom:container-muxer-webm: aa71ff27fc2769a1b78a27578f13a17b -> 
  custom:container-demuxer-webm: 4f35f7cbe854078d1ac9338744f61a02 -> 
  custom:video-encoder-webm-vp8: eb34c28f22e8b96e1ab97ce403110664 -> 
  custom:audio-encoder-webm-vorbis: bf7c407c2cedff20999df2af8eb42d56 -> 
  custom:framework-win-MediaFoundation: 216162199b28c13a410421893ffa2e32 -> 
  custom:container-demuxer-ogg: 62fdf1f143b41e24485cea50d1cbac27 -> 
  custom:video-decoder-webm-vp8: 9c59270c3fd7afecdb556c50c9e8de78 -> 
  custom:audio-decoder-ogg-vorbis: bf7c407c2cedff20999df2af8eb42d56 -> 
========================================================================
Received Import Request.
  Time since last request: 441524.164680 seconds.
  path: Assets/UI Elements/Black/1x/BUtton A.png
  artifactKey: Guid(915f7e39bd6632c458f3ac141732d571) Importer(815301076,1909f56bfc062723c751e8b465ee728b)
Start importing Assets/UI Elements/Black/1x/BUtton A.png using Guid(915f7e39bd6632c458f3ac141732d571) Importer(815301076,1909f56bfc062723c751e8b465ee728b)  -> (artifact id: '684e6c2a7614fc390161e49114a1b6b8') in 0.062045 seconds 
========================================================================
Received Import Request.
  Time since last request: 0.000017 seconds.
  path: Assets/UI Elements/Black/1x/down arrow.png
  artifactKey: Guid(612903ba0ddbe6e4c951e2784757d893) Importer(815301076,1909f56bfc062723c751e8b465ee728b)
Start importing Assets/UI Elements/Black/1x/down arrow.png using Guid(612903ba0ddbe6e4c951e2784757d893) Importer(815301076,1909f56bfc062723c751e8b465ee728b)  -> (artifact id: 'e9c6a98353ae0189e21799fdf09ee3df') in 0.009161 seconds 
========================================================================
Received Import Request.
  Time since last request: 0.000013 seconds.
  path: Assets/UI Elements/Black/1x/gamepad1.png
  artifactKey: Guid(815c9f9d3930c164c9926ca4c02aa0a8) Importer(815301076,1909f56bfc062723c751e8b465ee728b)
Start importing Assets/UI Elements/Black/1x/gamepad1.png using Guid(815c9f9d3930c164c9926ca4c02aa0a8) Importer(815301076,1909f56bfc062723c751e8b465ee728b)  -> (artifact id: 'cf83d2bb69bdb0692af29873d0eba2c3') in 0.008166 seconds 
========================================================================
Received Import Request.
  Time since last request: 0.000013 seconds.
  path: Assets/UI Elements/Black/1x/info.png
  artifactKey: Guid(a9e7616118c268a4eaaca886af7fa753) Importer(815301076,1909f56bfc062723c751e8b465ee728b)
Start importing Assets/UI Elements/Black/1x/info.png using Guid(a9e7616118c268a4eaaca886af7fa753) Importer(815301076,1909f56bfc062723c751e8b465ee728b)  -> (artifact id: 'e993c37b6e233829b77468c07a3b92e8') in 0.008190 seconds 
========================================================================
Received Import Request.
  Time since last request: 0.000011 seconds.
  path: Assets/UI Elements/Black/1x/left arrow.png
  artifactKey: Guid(2b751643e14a05747ba418a17dbc024d) Importer(815301076,1909f56bfc062723c751e8b465ee728b)
Start importing Assets/UI Elements/Black/1x/left arrow.png using Guid(2b751643e14a05747ba418a17dbc024d) Importer(815301076,1909f56bfc062723c751e8b465ee728b)  -> (artifact id: 'f8ac7dac6564d1483b5df082e3608ace') in 0.008997 seconds 
========================================================================
Received Import Request.
  Time since last request: 2.254108 seconds.
  path: Assets/UI Elements/Extras/ProgressBars/progressBar3.png
  artifactKey: Guid(0971759ab6cda414ebcb0c23b78883ed) Importer(815301076,1909f56bfc062723c751e8b465ee728b)
Start importing Assets/UI Elements/Extras/ProgressBars/progressBar3.png using Guid(0971759ab6cda414ebcb0c23b78883ed) Importer(815301076,1909f56bfc062723c751e8b465ee728b)  -> (artifact id: '563afe5a96e237e8cbb376dc268bacaf') in 0.014526 seconds 
========================================================================
Received Import Request.
  Time since last request: 8.128284 seconds.
  path: Assets/UI Elements/White/1x/BUtton A.png
  artifactKey: Guid(f17215db0638a0944ae774ad4f93932c) Importer(815301076,1909f56bfc062723c751e8b465ee728b)
Start importing Assets/UI Elements/White/1x/BUtton A.png using Guid(f17215db0638a0944ae774ad4f93932c) Importer(815301076,1909f56bfc062723c751e8b465ee728b)  -> (artifact id: '22638c501a97aa702944cb4891ce6c7f') in 0.018855 seconds 
========================================================================
Received Import Request.
  Time since last request: 0.000012 seconds.
  path: Assets/UI Elements/White/1x/star.png
  artifactKey: Guid(929b54ef59aaeba4a9807a6ef928457b) Importer(815301076,1909f56bfc062723c751e8b465ee728b)
Start importing Assets/UI Elements/White/1x/star.png using Guid(929b54ef59aaeba4a9807a6ef928457b) Importer(815301076,1909f56bfc062723c751e8b465ee728b)  -> (artifact id: '18a77262106b8c29a184a372767b5e0a') in 0.007930 seconds 
========================================================================
Received Import Request.
  Time since last request: 0.000011 seconds.
  path: Assets/UI Elements/White/1x/settings.png
  artifactKey: Guid(ec785febb56d8bb469dd6cb6235ebcd2) Importer(815301076,1909f56bfc062723c751e8b465ee728b)
Start importing Assets/UI Elements/White/1x/settings.png using Guid(ec785febb56d8bb469dd6cb6235ebcd2) Importer(815301076,1909f56bfc062723c751e8b465ee728b)  -> (artifact id: '65cb23d58f6886a9cd0b5a04aeb56631') in 0.006369 seconds 
========================================================================
Received Import Request.
  Time since last request: 0.000012 seconds.
  path: Assets/UI Elements/White/1x/pause.png
  artifactKey: Guid(07eca9a1a43b8cd4cbfd05ec7eacf695) Importer(815301076,1909f56bfc062723c751e8b465ee728b)
Start importing Assets/UI Elements/White/1x/pause.png using Guid(07eca9a1a43b8cd4cbfd05ec7eacf695) Importer(815301076,1909f56bfc062723c751e8b465ee728b)  -> (artifact id: 'f5ff8d9f965f8cd03f56180adf21f8d6') in 0.006661 seconds 
========================================================================
Received Import Request.
  Time since last request: 0.000015 seconds.
  path: Assets/UI Elements/White/1x/left.png
  artifactKey: Guid(fb4fddf2c378ae647ae205d38ba835b9) Importer(815301076,1909f56bfc062723c751e8b465ee728b)
Start importing Assets/UI Elements/White/1x/left.png using Guid(fb4fddf2c378ae647ae205d38ba835b9) Importer(815301076,1909f56bfc062723c751e8b465ee728b)  -> (artifact id: 'e9392f89da9a7b458995f13f4f14135b') in 0.008747 seconds 
========================================================================
Received Import Request.
  Time since last request: 0.000023 seconds.
  path: Assets/UI Elements/White/1x/mic off.png
  artifactKey: Guid(27671c81aaafeea4a9f2bde0d18ddf92) Importer(815301076,1909f56bfc062723c751e8b465ee728b)
Start importing Assets/UI Elements/White/1x/mic off.png using Guid(27671c81aaafeea4a9f2bde0d18ddf92) Importer(815301076,1909f56bfc062723c751e8b465ee728b)  -> (artifact id: 'fec4a8816da83ccd6e46b92cd26ad1ef') in 0.010913 seconds 
========================================================================
Received Import Request.
  Time since last request: 0.000014 seconds.
  path: Assets/UI Elements/White/1x/down arrow.png
  artifactKey: Guid(b6fcb67aab932ab47845505c9a99494c) Importer(815301076,1909f56bfc062723c751e8b465ee728b)
Start importing Assets/UI Elements/White/1x/down arrow.png using Guid(b6fcb67aab932ab47845505c9a99494c) Importer(815301076,1909f56bfc062723c751e8b465ee728b)  -> (artifact id: 'c34f5fa0a223ef69f6b23ce56259e3a0') in 0.007819 seconds 
========================================================================
Received Import Request.
  Time since last request: 0.000013 seconds.
  path: Assets/UI Elements/White/1x/music on.png
  artifactKey: Guid(b0c3e53b408282f4288abf14cb70c14a) Importer(815301076,1909f56bfc062723c751e8b465ee728b)
Start importing Assets/UI Elements/White/1x/music on.png using Guid(b0c3e53b408282f4288abf14cb70c14a) Importer(815301076,1909f56bfc062723c751e8b465ee728b)  -> (artifact id: '5eff5473ea5525364bef9fa59969b353') in 0.009876 seconds 
========================================================================
Received Import Request.
  Time since last request: 1.186906 seconds.
  path: Assets/UI Elements/White/2x/Button A.png
  artifactKey: Guid(575f0768799e8504a929d65ae3bc2c28) Importer(815301076,1909f56bfc062723c751e8b465ee728b)
Start importing Assets/UI Elements/White/2x/Button A.png using Guid(575f0768799e8504a929d65ae3bc2c28) Importer(815301076,1909f56bfc062723c751e8b465ee728b)  -> (artifact id: '8365e7d635dcaf00fdcd176d8d5bcf00') in 0.016106 seconds 
========================================================================
Received Import Request.
  Time since last request: 0.000014 seconds.
  path: Assets/UI Elements/White/2x/settings.png
  artifactKey: Guid(90f67b789c9f7b44eac70357e4a0d534) Importer(815301076,1909f56bfc062723c751e8b465ee728b)
Start importing Assets/UI Elements/White/2x/settings.png using Guid(90f67b789c9f7b44eac70357e4a0d534) Importer(815301076,1909f56bfc062723c751e8b465ee728b)  -> (artifact id: '0b7231998346dced5307699c905f25d9') in 0.012273 seconds 
========================================================================
Received Import Request.
  Time since last request: 0.000027 seconds.
  path: Assets/UI Elements/White/2x/Button C.png
  artifactKey: Guid(351d1172e9567a64aa38c7890a1c3d98) Importer(815301076,1909f56bfc062723c751e8b465ee728b)
Start importing Assets/UI Elements/White/2x/Button C.png using Guid(351d1172e9567a64aa38c7890a1c3d98) Importer(815301076,1909f56bfc062723c751e8b465ee728b)  -> (artifact id: 'cb6e02fbe44387d9d12d7f8c91c5785d') in 0.011744 seconds 
========================================================================
Received Import Request.
  Time since last request: 0.000013 seconds.
  path: Assets/UI Elements/White/2x/stop.png
  artifactKey: Guid(9c18d498f968f814183bcd31c8c90cd5) Importer(815301076,1909f56bfc062723c751e8b465ee728b)
Start importing Assets/UI Elements/White/2x/stop.png using Guid(9c18d498f968f814183bcd31c8c90cd5) Importer(815301076,1909f56bfc062723c751e8b465ee728b)  -> (artifact id: '24c64ed37c0c8daa2eaa730f770bf205') in 0.007103 seconds 
========================================================================
Received Import Request.
  Time since last request: 0.000014 seconds.
  path: Assets/UI Elements/White/2x/right.png
  artifactKey: Guid(184a260157178b2468cd651a8efbc251) Importer(815301076,1909f56bfc062723c751e8b465ee728b)
Start importing Assets/UI Elements/White/2x/right.png using Guid(184a260157178b2468cd651a8efbc251) Importer(815301076,1909f56bfc062723c751e8b465ee728b)  -> (artifact id: '6dec368589b73906bcddaf1c9992bf44') in 0.009603 seconds 
========================================================================
Received Import Request.
  Time since last request: 0.000013 seconds.
  path: Assets/UI Elements/White/2x/left.png
  artifactKey: Guid(ebd50b12e871e0142afe371f911d8eb2) Importer(815301076,1909f56bfc062723c751e8b465ee728b)
Start importing Assets/UI Elements/White/2x/left.png using Guid(ebd50b12e871e0142afe371f911d8eb2) Importer(815301076,1909f56bfc062723c751e8b465ee728b)  -> (artifact id: '149289e986a01a45a0e70ab5e1e1d8dd') in 0.006730 seconds 
========================================================================
Received Import Request.
  Time since last request: 0.000012 seconds.
  path: Assets/UI Elements/White/2x/star.png
  artifactKey: Guid(b510deb155efddf49bc1d00839a57356) Importer(815301076,1909f56bfc062723c751e8b465ee728b)
Start importing Assets/UI Elements/White/2x/star.png using Guid(b510deb155efddf49bc1d00839a57356) Importer(815301076,1909f56bfc062723c751e8b465ee728b)  -> (artifact id: 'd1a97322f5fb63213e4636904428abba') in 0.008812 seconds 
========================================================================
Received Import Request.
  Time since last request: 0.000013 seconds.
  path: Assets/UI Elements/White/2x/mic off.png
  artifactKey: Guid(521a762d11c6bad42ac3d97f1a735416) Importer(815301076,1909f56bfc062723c751e8b465ee728b)
Start importing Assets/UI Elements/White/2x/mic off.png using Guid(521a762d11c6bad42ac3d97f1a735416) Importer(815301076,1909f56bfc062723c751e8b465ee728b)  -> (artifact id: '469341db683ead006c2a9f9510931e58') in 0.008322 seconds 
========================================================================
Received Import Request.
  Time since last request: 51.689584 seconds.
  path: Assets/UI Elements/Extras/Rects/roundRect.png
  artifactKey: Guid(a74dacc9bfcf47749a8630eac3456429) Importer(815301076,1909f56bfc062723c751e8b465ee728b)
Start importing Assets/UI Elements/Extras/Rects/roundRect.png using Guid(a74dacc9bfcf47749a8630eac3456429) Importer(815301076,1909f56bfc062723c751e8b465ee728b)  -> (artifact id: '71f011e934dd7c36afda405e0c45d05f') in 0.026021 seconds 
Editor requested this worker to shutdown with reason: Scaling down because of idle timeout
AssetImportWorker is now disconnected from the server
Process exiting
Exiting without the bug reporter. Application will terminate with return code 0