Using pre-set license
Built from '2021.3/release' branch; Version is '2021.3.17f1 (3e8111cac19d) revision 4096273'; Using compiler version '192829333'; Build Type 'Release'
OS: 'Windows 11  (10.0.22621) 64bit Professional' Language: 'en' Physical Memory: 32509 MB
BatchMode: 1, IsHumanControllingUs: 0, StartBugReporterOnCrash: 0, Is64bit: 1, IsPro: 1

COMMAND LINE ARGUMENTS:
C:\Program Files\Unity\Hub\Editor\2021.3.17f1\Editor\Unity.exe
-adb2
-batchMode
-noUpm
-name
AssetImportWorker6
-projectPath
C:/Users/Zhenjie Liu/Desktop/Vampire-Hunter
-logFile
Logs/AssetImportWorker6.log
-srvPort
63530
Successfully changed project path to: C:/Users/Zhenjie Liu/Desktop/Vampire-Hunter
C:/Users/Zhenjie Liu/Desktop/Vampire-Hunter
[UnityMemory] Configuration Parameters - Can be set up in boot.config
    "memorysetup-bucket-allocator-granularity=16"
    "memorysetup-bucket-allocator-bucket-count=8"
    "memorysetup-bucket-allocator-block-size=33554432"
    "memorysetup-bucket-allocator-block-count=8"
    "memorysetup-main-allocator-block-size=16777216"
    "memorysetup-thread-allocator-block-size=16777216"
    "memorysetup-gfx-main-allocator-block-size=16777216"
    "memorysetup-gfx-thread-allocator-block-size=16777216"
    "memorysetup-cache-allocator-block-size=4194304"
    "memorysetup-typetree-allocator-block-size=2097152"
    "memorysetup-profiler-bucket-allocator-granularity=16"
    "memorysetup-profiler-bucket-allocator-bucket-count=8"
    "memorysetup-profiler-bucket-allocator-block-size=33554432"
    "memorysetup-profiler-bucket-allocator-block-count=8"
    "memorysetup-profiler-allocator-block-size=16777216"
    "memorysetup-profiler-editor-allocator-block-size=1048576"
    "memorysetup-temp-allocator-size-main=16777216"
    "memorysetup-job-temp-allocator-block-size=2097152"
    "memorysetup-job-temp-allocator-block-size-background=1048576"
    "memorysetup-job-temp-allocator-reduction-small-platforms=262144"
    "memorysetup-temp-allocator-size-background-worker=32768"
    "memorysetup-temp-allocator-size-job-worker=262144"
    "memorysetup-temp-allocator-size-preload-manager=33554432"
    "memorysetup-temp-allocator-size-nav-mesh-worker=65536"
    "memorysetup-temp-allocator-size-audio-worker=65536"
    "memorysetup-temp-allocator-size-cloud-worker=32768"
    "memorysetup-temp-allocator-size-gi-baking-worker=262144"
    "memorysetup-temp-allocator-size-gfx=262144"
Player connection [37444] Host "[IP] 192.168.50.248 [Port] 0 [Flags] 2 [Guid] 3421352881 [EditorId] 3421352881 [Version] 1048832 [Id] WindowsEditor(7,DESKTOP-LHPPLTO) [Debug] 1 [PackageName] WindowsEditor [ProjectName] Editor" joined multi-casting on [225.0.0.222:54997]...

Player connection [37444] Host "[IP] 192.168.50.248 [Port] 0 [Flags] 2 [Guid] 3421352881 [EditorId] 3421352881 [Version] 1048832 [Id] WindowsEditor(7,DESKTOP-LHPPLTO) [Debug] 1 [PackageName] WindowsEditor [ProjectName] Editor" joined alternative multi-casting on [225.0.0.222:34997]...

Refreshing native plugins compatible for Editor in 52.82 ms, found 4 plugins.
Preloading 0 native plugins for Editor in 0.00 ms.
Initialize engine version: 2021.3.17f1 (3e8111cac19d)
[Subsystems] Discovering subsystems at path C:/Program Files/Unity/Hub/Editor/2021.3.17f1/Editor/Data/Resources/UnitySubsystems
[Subsystems] Discovering subsystems at path C:/Users/Zhenjie Liu/Desktop/Vampire-Hunter/Assets
GfxDevice: creating device client; threaded=0; jobified=0
Direct3D:
    Version:  Direct3D 11.0 [level 11.1]
    Renderer: NVIDIA GeForce RTX 3060 (ID=0x2544)
    Vendor:   NVIDIA
    VRAM:     8049 MB
    Driver:   31.0.15.2849
Initialize mono
Mono path[0] = 'C:/Program Files/Unity/Hub/Editor/2021.3.17f1/Editor/Data/Managed'
Mono path[1] = 'C:/Program Files/Unity/Hub/Editor/2021.3.17f1/Editor/Data/MonoBleedingEdge/lib/mono/unityjit-win32'
Mono config path = 'C:/Program Files/Unity/Hub/Editor/2021.3.17f1/Editor/Data/MonoBleedingEdge/etc'
Using monoOptions --debugger-agent=transport=dt_socket,embedding=1,server=y,suspend=n,address=127.0.0.1:56000
Begin MonoManager ReloadAssembly
Registering precompiled unity dll's ...
Register platform support module: C:/Program Files/Unity/Hub/Editor/2021.3.17f1/Editor/Data/PlaybackEngines/AndroidPlayer/UnityEditor.Android.Extensions.dll
Register platform support module: C:/Program Files/Unity/Hub/Editor/2021.3.17f1/Editor/Data/PlaybackEngines/WindowsStandaloneSupport/UnityEditor.WindowsStandalone.Extensions.dll
Registered in 0.002339 seconds.
Native extension for WindowsStandalone target not found
Native extension for Android target not found
Android Extension - Scanning For ADB Devices 162 ms
Refreshing native plugins compatible for Editor in 49.83 ms, found 4 plugins.
Preloading 0 native plugins for Editor in 0.00 ms.
Mono: successfully reloaded assembly
- Completed reload, in  0.517 seconds
Domain Reload Profiling:
	ReloadAssembly (517ms)
		BeginReloadAssembly (37ms)
			ExecutionOrderSort (0ms)
			DisableScriptedObjects (0ms)
			BackupInstance (0ms)
			ReleaseScriptingObjects (0ms)
			CreateAndSetChildDomain (0ms)
		EndReloadAssembly (423ms)
			LoadAssemblies (36ms)
			RebuildTransferFunctionScriptingTraits (0ms)
			SetupTypeCache (57ms)
			ReleaseScriptCaches (0ms)
			RebuildScriptCaches (15ms)
			SetupLoadedEditorAssemblies (323ms)
				LogAssemblyErrors (0ms)
				InitializePlatformSupportModulesInManaged (207ms)
				SetLoadedEditorAssemblies (0ms)
				RefreshPlugins (50ms)
				BeforeProcessingInitializeOnLoad (1ms)
				ProcessInitializeOnLoadAttributes (44ms)
				ProcessInitializeOnLoadMethodAttributes (21ms)
				AfterProcessingInitializeOnLoad (0ms)
				EditorAssembliesLoaded (0ms)
			ExecutionOrderSort2 (0ms)
			AwakeInstancesAfterBackupRestoration (0ms)
Platform modules already initialized, skipping
Registering precompiled user dll's ...
Registered in 0.004065 seconds.
Begin MonoManager ReloadAssembly
Symbol file LoadedFromMemory doesn't match image C:\Users\Zhenjie Liu\Desktop\Vampire-Hunter\Library\PackageCache\com.unity.visualscripting@1.8.0\Editor\VisualScripting.Core\Dependencies\YamlDotNet\Unity.VisualScripting.YamlDotNet.dll
Symbol file LoadedFromMemory doesn't match image C:\Users\Zhenjie Liu\Desktop\Vampire-Hunter\Library\PackageCache\com.unity.visualscripting@1.8.0\Editor\VisualScripting.Core\Dependencies\DotNetZip\Unity.VisualScripting.IonicZip.dll
Native extension for WindowsStandalone target not found
Native extension for Android target not found
Refreshing native plugins compatible for Editor in 50.68 ms, found 4 plugins.
Preloading 0 native plugins for Editor in 0.00 ms.
Mono: successfully reloaded assembly
- Completed reload, in  0.620 seconds
Domain Reload Profiling:
	ReloadAssembly (620ms)
		BeginReloadAssembly (56ms)
			ExecutionOrderSort (0ms)
			DisableScriptedObjects (3ms)
			BackupInstance (0ms)
			ReleaseScriptingObjects (0ms)
			CreateAndSetChildDomain (12ms)
		EndReloadAssembly (505ms)
			LoadAssemblies (44ms)
			RebuildTransferFunctionScriptingTraits (0ms)
			SetupTypeCache (127ms)
			ReleaseScriptCaches (0ms)
			RebuildScriptCaches (33ms)
			SetupLoadedEditorAssemblies (264ms)
				LogAssemblyErrors (0ms)
				InitializePlatformSupportModulesInManaged (8ms)
				SetLoadedEditorAssemblies (0ms)
				RefreshPlugins (51ms)
				BeforeProcessingInitializeOnLoad (50ms)
				ProcessInitializeOnLoadAttributes (129ms)
				ProcessInitializeOnLoadMethodAttributes (23ms)
				AfterProcessingInitializeOnLoad (3ms)
				EditorAssembliesLoaded (0ms)
			ExecutionOrderSort2 (0ms)
			AwakeInstancesAfterBackupRestoration (3ms)
Platform modules already initialized, skipping
========================================================================
Worker process is ready to serve import requests
Launched and connected shader compiler UnityShaderCompiler.exe after 0.03 seconds
Refreshing native plugins compatible for Editor in 0.52 ms, found 4 plugins.
Preloading 0 native plugins for Editor in 0.00 ms.
Unloading 4303 Unused Serialized files (Serialized files now loaded: 0)
Unloading 51 unused Assets / (129.3 KB). Loaded Objects now: 4766.
Memory consumption went from 161.8 MB to 161.7 MB.
Total: 1.889600 ms (FindLiveObjects: 0.168800 ms CreateObjectMapping: 0.056400 ms MarkObjects: 1.610500 ms  DeleteObjects: 0.053600 ms)

AssetImportParameters requested are different than current active one (requested -> active):
  custom:video-decoder-ogg-theora: a1e56fd34408186e4bbccfd4996cb3dc -> 
  custom:container-muxer-webm: aa71ff27fc2769a1b78a27578f13a17b -> 
  custom:container-demuxer-webm: 4f35f7cbe854078d1ac9338744f61a02 -> 
  custom:video-encoder-webm-vp8: eb34c28f22e8b96e1ab97ce403110664 -> 
  custom:audio-encoder-webm-vorbis: bf7c407c2cedff20999df2af8eb42d56 -> 
  custom:framework-win-MediaFoundation: 216162199b28c13a410421893ffa2e32 -> 
  custom:container-demuxer-ogg: 62fdf1f143b41e24485cea50d1cbac27 -> 
  custom:video-decoder-webm-vp8: 9c59270c3fd7afecdb556c50c9e8de78 -> 
  custom:audio-decoder-ogg-vorbis: bf7c407c2cedff20999df2af8eb42d56 -> 
========================================================================
Received Prepare
Registering precompiled user dll's ...
Registered in 0.002953 seconds.
Begin MonoManager ReloadAssembly
Symbol file LoadedFromMemory doesn't match image C:\Users\Zhenjie Liu\Desktop\Vampire-Hunter\Library\PackageCache\com.unity.visualscripting@1.8.0\Editor\VisualScripting.Core\Dependencies\YamlDotNet\Unity.VisualScripting.YamlDotNet.dll
Symbol file LoadedFromMemory doesn't match image C:\Users\Zhenjie Liu\Desktop\Vampire-Hunter\Library\PackageCache\com.unity.visualscripting@1.8.0\Editor\VisualScripting.Core\Dependencies\DotNetZip\Unity.VisualScripting.IonicZip.dll
Native extension for WindowsStandalone target not found
Native extension for Android target not found
Refreshing native plugins compatible for Editor in 0.53 ms, found 4 plugins.
Preloading 0 native plugins for Editor in 0.00 ms.
Mono: successfully reloaded assembly
- Completed reload, in  0.560 seconds
Domain Reload Profiling:
	ReloadAssembly (561ms)
		BeginReloadAssembly (73ms)
			ExecutionOrderSort (0ms)
			DisableScriptedObjects (4ms)
			BackupInstance (0ms)
			ReleaseScriptingObjects (0ms)
			CreateAndSetChildDomain (21ms)
		EndReloadAssembly (438ms)
			LoadAssemblies (45ms)
			RebuildTransferFunctionScriptingTraits (0ms)
			SetupTypeCache (133ms)
			ReleaseScriptCaches (1ms)
			RebuildScriptCaches (25ms)
			SetupLoadedEditorAssemblies (198ms)
				LogAssemblyErrors (0ms)
				InitializePlatformSupportModulesInManaged (12ms)
				SetLoadedEditorAssemblies (0ms)
				RefreshPlugins (1ms)
				BeforeProcessingInitializeOnLoad (36ms)
				ProcessInitializeOnLoadAttributes (123ms)
				ProcessInitializeOnLoadMethodAttributes (23ms)
				AfterProcessingInitializeOnLoad (3ms)
				EditorAssembliesLoaded (0ms)
			ExecutionOrderSort2 (0ms)
			AwakeInstancesAfterBackupRestoration (5ms)
Platform modules already initialized, skipping
Refreshing native plugins compatible for Editor in 1.46 ms, found 4 plugins.
Preloading 0 native plugins for Editor in 0.00 ms.
Unloading 4279 Unused Serialized files (Serialized files now loaded: 0)
Unloading 26 unused Assets / (95.5 KB). Loaded Objects now: 4781.
Memory consumption went from 159.6 MB to 159.5 MB.
Total: 1.929800 ms (FindLiveObjects: 0.151400 ms CreateObjectMapping: 0.047100 ms MarkObjects: 1.708500 ms  DeleteObjects: 0.022000 ms)

AssetImportParameters requested are different than current active one (requested -> active):
  custom:video-decoder-ogg-theora: a1e56fd34408186e4bbccfd4996cb3dc -> 
  custom:container-muxer-webm: aa71ff27fc2769a1b78a27578f13a17b -> 
  custom:container-demuxer-webm: 4f35f7cbe854078d1ac9338744f61a02 -> 
  custom:video-encoder-webm-vp8: eb34c28f22e8b96e1ab97ce403110664 -> 
  custom:audio-encoder-webm-vorbis: bf7c407c2cedff20999df2af8eb42d56 -> 
  custom:framework-win-MediaFoundation: 216162199b28c13a410421893ffa2e32 -> 
  custom:container-demuxer-ogg: 62fdf1f143b41e24485cea50d1cbac27 -> 
  custom:video-decoder-webm-vp8: 9c59270c3fd7afecdb556c50c9e8de78 -> 
  custom:audio-decoder-ogg-vorbis: bf7c407c2cedff20999df2af8eb42d56 -> 
========================================================================
Received Import Request.
  Time since last request: 440238.450240 seconds.
  path: Assets/SimplePixelUI/update 1.15/prefabs/Dropdown_GB.prefab
  artifactKey: Guid(e3ab5ae8d0ed7564ca79ea2926926887) Importer(815301076,1909f56bfc062723c751e8b465ee728b)
Start importing Assets/SimplePixelUI/update 1.15/prefabs/Dropdown_GB.prefab using Guid(e3ab5ae8d0ed7564ca79ea2926926887) Importer(815301076,1909f56bfc062723c751e8b465ee728b)  -> (artifact id: 'f4b02f151456abdf745c67b8bc51140a') in 0.036347 seconds 
========================================================================
Received Import Request.
  Time since last request: 0.000019 seconds.
  path: Assets/SimplePixelUI/update 1.15/prefabs/Dropdown_HHC.prefab
  artifactKey: Guid(bac122e7e8d52e841b560e3f3e7abb63) Importer(815301076,1909f56bfc062723c751e8b465ee728b)
Start importing Assets/SimplePixelUI/update 1.15/prefabs/Dropdown_HHC.prefab using Guid(bac122e7e8d52e841b560e3f3e7abb63) Importer(815301076,1909f56bfc062723c751e8b465ee728b)  -> (artifact id: 'edc7b9ccd3a322b197a8166199c49b1a') in 0.006186 seconds 
========================================================================
Received Import Request.
  Time since last request: 0.000015 seconds.
  path: Assets/SimplePixelUI/update 1.15/prefabs/Dropdown_rounded_CC.prefab
  artifactKey: Guid(be368f3d77f19a3458f23d39a2e9c1f9) Importer(815301076,1909f56bfc062723c751e8b465ee728b)
Start importing Assets/SimplePixelUI/update 1.15/prefabs/Dropdown_rounded_CC.prefab using Guid(be368f3d77f19a3458f23d39a2e9c1f9) Importer(815301076,1909f56bfc062723c751e8b465ee728b)  -> (artifact id: '484f1db703faadfcd61716d8bb69a762') in 0.005758 seconds 
========================================================================
Received Import Request.
  Time since last request: 12.186444 seconds.
  path: Assets/SimplePixelUI/artwork/gray/rounded/off_rounded.png
  artifactKey: Guid(4f9e45e29a3382649bf89557e2a37a4f) Importer(815301076,1909f56bfc062723c751e8b465ee728b)
Start importing Assets/SimplePixelUI/artwork/gray/rounded/off_rounded.png using Guid(4f9e45e29a3382649bf89557e2a37a4f) Importer(815301076,1909f56bfc062723c751e8b465ee728b)  -> (artifact id: '22912178a3dc136ef8d0f46c4cbe284b') in 0.047906 seconds 
========================================================================
Received Import Request.
  Time since last request: 465.462269 seconds.
  path: Assets/SimplePixelUI/artwork/halfcustomizible/square/Slider3/filled_horizontal.png
  artifactKey: Guid(36e1e0f5c2f8587439cd4531adf18c5c) Importer(815301076,1909f56bfc062723c751e8b465ee728b)
Start importing Assets/SimplePixelUI/artwork/halfcustomizible/square/Slider3/filled_horizontal.png using Guid(36e1e0f5c2f8587439cd4531adf18c5c) Importer(815301076,1909f56bfc062723c751e8b465ee728b)  -> (artifact id: '292074f9591c23d3a301734140817097') in 0.009542 seconds 
========================================================================
Received Import Request.
  Time since last request: 0.000015 seconds.
  path: Assets/SimplePixelUI/artwork/halfcustomizible/square/Slider2/filled_horizontal.png
  artifactKey: Guid(7e688790d1df05840a900e54f7af828e) Importer(815301076,1909f56bfc062723c751e8b465ee728b)
Start importing Assets/SimplePixelUI/artwork/halfcustomizible/square/Slider2/filled_horizontal.png using Guid(7e688790d1df05840a900e54f7af828e) Importer(815301076,1909f56bfc062723c751e8b465ee728b)  -> (artifact id: '2ab2437412111f6e60001576af1d6b27') in 0.006605 seconds 
========================================================================
Received Import Request.
  Time since last request: 8.351466 seconds.
  path: Assets/SimplePixelUI/artwork/colorCustomizible/square/scroll_vertical/handle.png
  artifactKey: Guid(8be411651107ec540ae7c916d2235051) Importer(815301076,1909f56bfc062723c751e8b465ee728b)
Start importing Assets/SimplePixelUI/artwork/colorCustomizible/square/scroll_vertical/handle.png using Guid(8be411651107ec540ae7c916d2235051) Importer(815301076,1909f56bfc062723c751e8b465ee728b)  -> (artifact id: '1d7b1303e0827264c1d07d79fcdcbc09') in 0.029423 seconds 
========================================================================
Received Import Request.
  Time since last request: 0.000016 seconds.
  path: Assets/SimplePixelUI/artwork/halfcustomizible/square/Slider2/handle.png
  artifactKey: Guid(686b21df6206ff24b9468b2a60530b5a) Importer(815301076,1909f56bfc062723c751e8b465ee728b)
Start importing Assets/SimplePixelUI/artwork/halfcustomizible/square/Slider2/handle.png using Guid(686b21df6206ff24b9468b2a60530b5a) Importer(815301076,1909f56bfc062723c751e8b465ee728b)  -> (artifact id: '7633db4788754ca4b1a92dd010fd5d17') in 0.007590 seconds 
========================================================================
Received Import Request.
  Time since last request: 0.001378 seconds.
  path: Assets/Sound/Semi Circle/image3.png
  artifactKey: Guid(c5e23ae6d06734b41861ee8468478317) Importer(815301076,1909f56bfc062723c751e8b465ee728b)
Start importing Assets/Sound/Semi Circle/image3.png using Guid(c5e23ae6d06734b41861ee8468478317) Importer(815301076,1909f56bfc062723c751e8b465ee728b)  -> (artifact id: '01eed836d268877f046e6fcec9b3c226') in 0.013722 seconds 
========================================================================
Received Import Request.
  Time since last request: 0.000018 seconds.
  path: Assets/Sound/Double FIre/image4.png
  artifactKey: Guid(412e29a2a25e6e84082e7d99b95b25f3) Importer(815301076,1909f56bfc062723c751e8b465ee728b)
Start importing Assets/Sound/Double FIre/image4.png using Guid(412e29a2a25e6e84082e7d99b95b25f3) Importer(815301076,1909f56bfc062723c751e8b465ee728b)  -> (artifact id: 'd1c7a2e99fb596a1637da84f1460bef9') in 0.015900 seconds 
========================================================================
Received Import Request.
  Time since last request: 0.000014 seconds.
  path: Assets/SimplePixelUI/artwork/halfcustomizible/square/toogle/off2.png
  artifactKey: Guid(de91fcf09b3a58c40bd25a04beee4093) Importer(815301076,1909f56bfc062723c751e8b465ee728b)
Start importing Assets/SimplePixelUI/artwork/halfcustomizible/square/toogle/off2.png using Guid(de91fcf09b3a58c40bd25a04beee4093) Importer(815301076,1909f56bfc062723c751e8b465ee728b)  -> (artifact id: '4b507ad27f555bd1b6cdb1a9167dcf45') in 0.009173 seconds 
========================================================================
Received Import Request.
  Time since last request: 0.000029 seconds.
  path: Assets/SimplePixelUI/artwork/halfcustomizible/square/toogle/on 1.png
  artifactKey: Guid(84c7515b38823fe45883fb4257d278ae) Importer(815301076,1909f56bfc062723c751e8b465ee728b)
Start importing Assets/SimplePixelUI/artwork/halfcustomizible/square/toogle/on 1.png using Guid(84c7515b38823fe45883fb4257d278ae) Importer(815301076,1909f56bfc062723c751e8b465ee728b)  -> (artifact id: 'c056875c68c292c572f1ca4ae518a256') in 0.007757 seconds 
========================================================================
Received Import Request.
  Time since last request: 0.000019 seconds.
  path: Assets/SimplePixelUI/artwork/halfcustomizible/rounded/InputField_Rounded_HCC.png
  artifactKey: Guid(7c98ef26d36aa8b4aba693b5f40497fd) Importer(815301076,1909f56bfc062723c751e8b465ee728b)
Start importing Assets/SimplePixelUI/artwork/halfcustomizible/rounded/InputField_Rounded_HCC.png using Guid(7c98ef26d36aa8b4aba693b5f40497fd) Importer(815301076,1909f56bfc062723c751e8b465ee728b)  -> (artifact id: '268c8768b28844b90a72f5528481bf49') in 0.007938 seconds 
========================================================================
Received Import Request.
  Time since last request: 0.000014 seconds.
  path: Assets/Sound/Electric ball/image5.png
  artifactKey: Guid(ebf0ae9b4b5ff6e40bcf62608f8925c1) Importer(815301076,1909f56bfc062723c751e8b465ee728b)
Start importing Assets/Sound/Electric ball/image5.png using Guid(ebf0ae9b4b5ff6e40bcf62608f8925c1) Importer(815301076,1909f56bfc062723c751e8b465ee728b)  -> (artifact id: '55ace3c6da315ab3a024bb00bfb94a1f') in 0.024471 seconds 
========================================================================
Received Import Request.
  Time since last request: 0.000015 seconds.
  path: Assets/SimplePixelUI/artwork/gray/square/InputField.png
  artifactKey: Guid(e9312638ee2226247bff375f12afbe39) Importer(815301076,1909f56bfc062723c751e8b465ee728b)
Start importing Assets/SimplePixelUI/artwork/gray/square/InputField.png using Guid(e9312638ee2226247bff375f12afbe39) Importer(815301076,1909f56bfc062723c751e8b465ee728b)  -> (artifact id: '0a1b7f0f2848d598760a3bbd3573d0b6') in 0.008420 seconds 
========================================================================
Received Import Request.
  Time since last request: 0.000017 seconds.
  path: Assets/Sound/Fire/image7.png
  artifactKey: Guid(65d90b6ed6929a64b939ccd81069e717) Importer(815301076,1909f56bfc062723c751e8b465ee728b)
Start importing Assets/Sound/Fire/image7.png using Guid(65d90b6ed6929a64b939ccd81069e717) Importer(815301076,1909f56bfc062723c751e8b465ee728b)  -> (artifact id: 'cfc1e11b467006265faa131a45737baf') in 0.015997 seconds 
Editor requested this worker to shutdown with reason: Scaling down because of idle timeout
AssetImportWorker is now disconnected from the server
Process exiting
Exiting without the bug reporter. Application will terminate with return code 0